{"C:\\Users\\tecbu\\Desktop\\PROJECT\\Tecbunny\\tecbunnywebapp\\packages\\core\\dist\\indian-tax.js": {"path":"C:\\Users\\tecbu\\Desktop\\PROJECT\\Tecbunny\\tecbunnywebapp\\packages\\core\\dist\\indian-tax.js","statementMap":{"0":{"start":{"line":1,"column":22},"end":{"line":46,"column":1}},"1":{"start":{"line":47,"column":20},"end":{"line":47,"column":93}},"2":{"start":{"line":47,"column":72},"end":{"line":47,"column":91}},"3":{"start":{"line":49,"column":4},"end":{"line":53,"column":null}},"4":{"start":{"line":56,"column":4},"end":{"line":58,"column":null}},"5":{"start":{"line":57,"column":8},"end":{"line":57,"column":null}},"6":{"start":{"line":59,"column":20},"end":{"line":59,"column":32}},"7":{"start":{"line":60,"column":4},"end":{"line":62,"column":null}},"8":{"start":{"line":61,"column":8},"end":{"line":61,"column":null}},"9":{"start":{"line":63,"column":22},"end":{"line":63,"column":46}},"10":{"start":{"line":64,"column":4},"end":{"line":66,"column":null}},"11":{"start":{"line":65,"column":8},"end":{"line":65,"column":null}},"12":{"start":{"line":67,"column":4},"end":{"line":67,"column":null}},"13":{"start":{"line":70,"column":4},"end":{"line":72,"column":null}},"14":{"start":{"line":71,"column":8},"end":{"line":71,"column":null}},"15":{"start":{"line":73,"column":27},"end":{"line":73,"column":51}},"16":{"start":{"line":74,"column":20},"end":{"line":79,"column":34}},"17":{"start":{"line":76,"column":32},"end":{"line":76,"column":56}},"18":{"start":{"line":77,"column":8},"end":{"line":77,"column":null}},"19":{"start":{"line":79,"column":28},"end":{"line":79,"column":33}},"20":{"start":{"line":80,"column":4},"end":{"line":80,"column":null}},"21":{"start":{"line":83,"column":4},"end":{"line":85,"column":null}},"22":{"start":{"line":84,"column":8},"end":{"line":84,"column":null}},"23":{"start":{"line":86,"column":4},"end":{"line":86,"column":null}},"24":{"start":{"line":88,"column":41},"end":{"line":88,"column":68}}},"fnMap":{"0":{"name":"(anonymous_0)","decl":{"start":{"line":47,"column":61},"end":{"line":47,"column":62}},"loc":{"start":{"line":47,"column":72},"end":{"line":47,"column":91}},"line":47},"1":{"name":"normalizeStateKey","decl":{"start":{"line":48,"column":9},"end":{"line":48,"column":26}},"loc":{"start":{"line":48,"column":34},"end":{"line":54,"column":null}},"line":48},"2":{"name":"resolveIndianStateInfo","decl":{"start":{"line":55,"column":16},"end":{"line":55,"column":38}},"loc":{"start":{"line":55,"column":46},"end":{"line":68,"column":null}},"line":55},"3":{"name":"resolveIndianStateFromText","decl":{"start":{"line":69,"column":16},"end":{"line":69,"column":42}},"loc":{"start":{"line":69,"column":50},"end":{"line":81,"column":null}},"line":69},"4":{"name":"(anonymous_4)","decl":{"start":{"line":75,"column":16},"end":{"line":75,"column":17}},"loc":{"start":{"line":75,"column":29},"end":{"line":78,"column":5}},"line":75},"5":{"name":"(anonymous_5)","decl":{"start":{"line":79,"column":13},"end":{"line":79,"column":14}},"loc":{"start":{"line":79,"column":28},"end":{"line":79,"column":33}},"line":79},"6":{"name":"formatPlaceOfSupply","decl":{"start":{"line":82,"column":16},"end":{"line":82,"column":35}},"loc":{"start":{"line":82,"column":62},"end":{"line":87,"column":null}},"line":82}},"branchMap":{"0":{"loc":{"start":{"line":56,"column":4},"end":{"line":58,"column":null}},"type":"if","locations":[{"start":{"line":56,"column":4},"end":{"line":58,"column":null}},{"start":{},"end":{}}],"line":56},"1":{"loc":{"start":{"line":60,"column":4},"end":{"line":62,"column":null}},"type":"if","locations":[{"start":{"line":60,"column":4},"end":{"line":62,"column":null}},{"start":{},"end":{}}],"line":60},"2":{"loc":{"start":{"line":64,"column":4},"end":{"line":66,"column":null}},"type":"if","locations":[{"start":{"line":64,"column":4},"end":{"line":66,"column":null}},{"start":{},"end":{}}],"line":64},"3":{"loc":{"start":{"line":65,"column":15},"end":{"line":65,"column":47}},"type":"binary-expr","locations":[{"start":{"line":65,"column":15},"end":{"line":65,"column":39}},{"start":{"line":65,"column":43},"end":{"line":65,"column":47}}],"line":65},"4":{"loc":{"start":{"line":67,"column":11},"end":{"line":67,"column":60}},"type":"binary-expr","locations":[{"start":{"line":67,"column":11},"end":{"line":67,"column":52}},{"start":{"line":67,"column":56},"end":{"line":67,"column":60}}],"line":67},"5":{"loc":{"start":{"line":70,"column":4},"end":{"line":72,"column":null}},"type":"if","locations":[{"start":{"line":70,"column":4},"end":{"line":72,"column":null}},{"start":{},"end":{}}],"line":70},"6":{"loc":{"start":{"line":70,"column":8},"end":{"line":70,"column":50}},"type":"binary-expr","locations":[{"start":{"line":70,"column":8},"end":{"line":70,"column":33}},{"start":{"line":70,"column":37},"end":{"line":70,"column":50}}],"line":70},"7":{"loc":{"start":{"line":80,"column":11},"end":{"line":80,"column":29}},"type":"binary-expr","locations":[{"start":{"line":80,"column":11},"end":{"line":80,"column":21}},{"start":{"line":80,"column":25},"end":{"line":80,"column":29}}],"line":80},"8":{"loc":{"start":{"line":83,"column":4},"end":{"line":85,"column":null}},"type":"if","locations":[{"start":{"line":83,"column":4},"end":{"line":85,"column":null}},{"start":{},"end":{}}],"line":83},"9":{"loc":{"start":{"line":86,"column":11},"end":{"line":86,"column":50}},"type":"binary-expr","locations":[{"start":{"line":86,"column":11},"end":{"line":86,"column":32}},{"start":{"line":86,"column":36},"end":{"line":86,"column":50}}],"line":86}},"s":{"0":1,"1":1,"2":44,"3":188,"4":18,"5":4,"6":14,"7":14,"8":2,"9":12,"10":12,"11":4,"12":8,"13":7,"14":3,"15":4,"16":4,"17":176,"18":176,"19":4,"20":4,"21":6,"22":1,"23":5,"24":1},"f":{"0":44,"1":188,"2":18,"3":7,"4":176,"5":4,"6":6},"b":{"0":[4,14],"1":[2,12],"2":[4,8],"3":[4,2],"4":[8,0],"5":[3,4],"6":[7,6],"7":[4,1],"8":[1,5],"9":[5,3]},"meta":{"lastBranch":10,"lastFunction":7,"lastStatement":25,"seen":{"s:1:22:46:1":0,"s:47:20:47:93":1,"f:47:61:47:62":0,"s:47:72:47:91":2,"f:48:9:48:26":1,"s:49:4:53:Infinity":3,"f:55:16:55:38":2,"b:56:4:58:Infinity:undefined:undefined:undefined:undefined":0,"s:56:4:58:Infinity":4,"s:57:8:57:Infinity":5,"s:59:20:59:32":6,"b:60:4:62:Infinity:undefined:undefined:undefined:undefined":1,"s:60:4:62:Infinity":7,"s:61:8:61:Infinity":8,"s:63:22:63:46":9,"b:64:4:66:Infinity:undefined:undefined:undefined:undefined":2,"s:64:4:66:Infinity":10,"s:65:8:65:Infinity":11,"b:65:15:65:39:65:43:65:47":3,"s:67:4:67:Infinity":12,"b:67:11:67:52:67:56:67:60":4,"f:69:16:69:42":3,"b:70:4:72:Infinity:undefined:undefined:undefined:undefined":5,"s:70:4:72:Infinity":13,"b:70:8:70:33:70:37:70:50":6,"s:71:8:71:Infinity":14,"s:73:27:73:51":15,"s:74:20:79:34":16,"f:75:16:75:17":4,"s:76:32:76:56":17,"s:77:8:77:Infinity":18,"f:79:13:79:14":5,"s:79:28:79:33":19,"s:80:4:80:Infinity":20,"b:80:11:80:21:80:25:80:29":7,"f:82:16:82:35":6,"b:83:4:85:Infinity:undefined:undefined:undefined:undefined":8,"s:83:4:85:Infinity":21,"s:84:8:84:Infinity":22,"s:86:4:86:Infinity":23,"b:86:11:86:32:86:36:86:50":9,"s:88:41:88:68":24},"fnNames":{}}}
,"C:\\Users\\tecbu\\Desktop\\PROJECT\\Tecbunny\\tecbunnywebapp\\packages\\core\\dist\\logger.js": {"path":"C:\\Users\\tecbu\\Desktop\\PROJECT\\Tecbunny\\tecbunnywebapp\\packages\\core\\dist\\logger.js","statementMap":{"0":{"start":{"line":2,"column":6},"end":{"line":2,"column":null}},"1":{"start":{"line":3,"column":19},"end":{"line":24,"column":null}},"2":{"start":{"line":26,"column":22},"end":{"line":31,"column":null}},"3":{"start":{"line":27,"column":24},"end":{"line":27,"column":null}},"4":{"start":{"line":28,"column":23},"end":{"line":28,"column":null}},"5":{"start":{"line":29,"column":23},"end":{"line":29,"column":null}},"6":{"start":{"line":30,"column":24},"end":{"line":30,"column":null}}},"fnMap":{"0":{"name":"(anonymous_0)","decl":{"start":{"line":27,"column":4},"end":{"line":27,"column":12}},"loc":{"start":{"line":27,"column":24},"end":{"line":27,"column":null}},"line":27},"1":{"name":"(anonymous_1)","decl":{"start":{"line":28,"column":4},"end":{"line":28,"column":11}},"loc":{"start":{"line":28,"column":23},"end":{"line":28,"column":null}},"line":28},"2":{"name":"(anonymous_2)","decl":{"start":{"line":29,"column":4},"end":{"line":29,"column":11}},"loc":{"start":{"line":29,"column":23},"end":{"line":29,"column":null}},"line":29},"3":{"name":"(anonymous_3)","decl":{"start":{"line":30,"column":4},"end":{"line":30,"column":12}},"loc":{"start":{"line":30,"column":24},"end":{"line":30,"column":null}},"line":30}},"branchMap":{"0":{"loc":{"start":{"line":4,"column":11},"end":{"line":4,"column":null}},"type":"binary-expr","locations":[{"start":{"line":4,"column":11},"end":{"line":4,"column":36}},{"start":{"line":4,"column":36},"end":{"line":4,"column":null}}],"line":4},"1":{"loc":{"start":{"line":14,"column":15},"end":{"line":23,"column":null}},"type":"cond-expr","locations":[{"start":{"line":15,"column":10},"end":{"line":15,"column":null}},{"start":{"line":16,"column":10},"end":{"line":23,"column":null}}],"line":14},"2":{"loc":{"start":{"line":27,"column":24},"end":{"line":27,"column":null}},"type":"cond-expr","locations":[{"start":{"line":27,"column":59},"end":{"line":27,"column":87}},{"start":{"line":27,"column":87},"end":{"line":27,"column":null}}],"line":27},"3":{"loc":{"start":{"line":27,"column":24},"end":{"line":27,"column":59}},"type":"binary-expr","locations":[{"start":{"line":27,"column":24},"end":{"line":27,"column":32}},{"start":{"line":27,"column":32},"end":{"line":27,"column":59}}],"line":27},"4":{"loc":{"start":{"line":28,"column":23},"end":{"line":28,"column":null}},"type":"cond-expr","locations":[{"start":{"line":28,"column":58},"end":{"line":28,"column":85}},{"start":{"line":28,"column":85},"end":{"line":28,"column":null}}],"line":28},"5":{"loc":{"start":{"line":28,"column":23},"end":{"line":28,"column":58}},"type":"binary-expr","locations":[{"start":{"line":28,"column":23},"end":{"line":28,"column":31}},{"start":{"line":28,"column":31},"end":{"line":28,"column":58}}],"line":28},"6":{"loc":{"start":{"line":29,"column":23},"end":{"line":29,"column":null}},"type":"cond-expr","locations":[{"start":{"line":29,"column":58},"end":{"line":29,"column":85}},{"start":{"line":29,"column":85},"end":{"line":29,"column":null}}],"line":29},"7":{"loc":{"start":{"line":29,"column":23},"end":{"line":29,"column":58}},"type":"binary-expr","locations":[{"start":{"line":29,"column":23},"end":{"line":29,"column":31}},{"start":{"line":29,"column":31},"end":{"line":29,"column":58}}],"line":29},"8":{"loc":{"start":{"line":30,"column":24},"end":{"line":30,"column":null}},"type":"cond-expr","locations":[{"start":{"line":30,"column":59},"end":{"line":30,"column":87}},{"start":{"line":30,"column":87},"end":{"line":30,"column":null}}],"line":30},"9":{"loc":{"start":{"line":30,"column":24},"end":{"line":30,"column":59}},"type":"binary-expr","locations":[{"start":{"line":30,"column":24},"end":{"line":30,"column":32}},{"start":{"line":30,"column":32},"end":{"line":30,"column":59}}],"line":30}},"s":{"0":2,"1":2,"2":2,"3":0,"4":0,"5":0,"6":0},"f":{"0":0,"1":0,"2":0,"3":0},"b":{"0":[2,2],"1":[0,2],"2":[0,0],"3":[0,0],"4":[0,0],"5":[0,0],"6":[0,0],"7":[0,0],"8":[0,0],"9":[0,0]},"meta":{"lastBranch":10,"lastFunction":4,"lastStatement":7,"seen":{"s:2:6:2:Infinity":0,"s:3:19:24:Infinity":1,"b:4:11:4:36:4:36:4:Infinity":0,"b:15:10:15:Infinity:16:10:23:Infinity":1,"s:26:22:31:Infinity":2,"f:27:4:27:12":0,"s:27:24:27:Infinity":3,"b:27:59:27:87:27:87:27:Infinity":2,"b:27:24:27:32:27:32:27:59":3,"f:28:4:28:11":1,"s:28:23:28:Infinity":4,"b:28:58:28:85:28:85:28:Infinity":4,"b:28:23:28:31:28:31:28:58":5,"f:29:4:29:11":2,"s:29:23:29:Infinity":5,"b:29:58:29:85:29:85:29:Infinity":6,"b:29:23:29:31:29:31:29:58":7,"f:30:4:30:12":3,"s:30:24:30:Infinity":6,"b:30:59:30:87:30:87:30:Infinity":8,"b:30:24:30:32:30:32:30:59":9},"fnNames":{}}}
,"C:\\Users\\tecbu\\Desktop\\PROJECT\\Tecbunny\\tecbunnywebapp\\packages\\core\\dist\\roles.js": {"path":"C:\\Users\\tecbu\\Desktop\\PROJECT\\Tecbunny\\tecbunnywebapp\\packages\\core\\dist\\roles.js","statementMap":{"0":{"start":{"line":8,"column":31},"end":{"line":25,"column":1}},"1":{"start":{"line":26,"column":38},"end":{"line":41,"column":1}},"2":{"start":{"line":42,"column":37},"end":{"line":45,"column":1}},"3":{"start":{"line":46,"column":25},"end":{"line":52,"column":1}},"4":{"start":{"line":53,"column":21},"end":{"line":68,"column":1}},"5":{"start":{"line":69,"column":27},"end":{"line":74,"column":1}},"6":{"start":{"line":76,"column":4},"end":{"line":78,"column":null}},"7":{"start":{"line":81,"column":4},"end":{"line":82,"column":null}},"8":{"start":{"line":82,"column":8},"end":{"line":82,"column":null}},"9":{"start":{"line":83,"column":23},"end":{"line":83,"column":49}},"10":{"start":{"line":84,"column":4},"end":{"line":85,"column":null}},"11":{"start":{"line":85,"column":8},"end":{"line":85,"column":null}},"12":{"start":{"line":86,"column":4},"end":{"line":87,"column":null}},"13":{"start":{"line":87,"column":8},"end":{"line":87,"column":null}},"14":{"start":{"line":88,"column":4},"end":{"line":88,"column":null}},"15":{"start":{"line":93,"column":30},"end":{"line":114,"column":1}},"16":{"start":{"line":115,"column":21},"end":{"line":132,"column":1}},"17":{"start":{"line":134,"column":4},"end":{"line":135,"column":null}},"18":{"start":{"line":135,"column":8},"end":{"line":135,"column":null}},"19":{"start":{"line":136,"column":4},"end":{"line":137,"column":null}},"20":{"start":{"line":137,"column":8},"end":{"line":137,"column":null}},"21":{"start":{"line":138,"column":4},"end":{"line":138,"column":null}},"22":{"start":{"line":139,"column":4},"end":{"line":139,"column":null}},"23":{"start":{"line":139,"column":49},"end":{"line":139,"column":85}},"24":{"start":{"line":142,"column":4},"end":{"line":143,"column":null}},"25":{"start":{"line":143,"column":8},"end":{"line":143,"column":null}},"26":{"start":{"line":144,"column":4},"end":{"line":144,"column":null}},"27":{"start":{"line":146,"column":21},"end":{"line":223,"column":1}},"28":{"start":{"line":224,"column":27},"end":{"line":307,"column":1}},"29":{"start":{"line":309,"column":4},"end":{"line":310,"column":null}},"30":{"start":{"line":310,"column":8},"end":{"line":310,"column":null}},"31":{"start":{"line":311,"column":4},"end":{"line":312,"column":null}},"32":{"start":{"line":312,"column":8},"end":{"line":312,"column":null}},"33":{"start":{"line":313,"column":4},"end":{"line":313,"column":null}},"34":{"start":{"line":315,"column":37},"end":{"line":315,"column":133}},"35":{"start":{"line":315,"column":80},"end":{"line":315,"column":131}},"36":{"start":{"line":317,"column":4},"end":{"line":318,"column":null}},"37":{"start":{"line":318,"column":8},"end":{"line":318,"column":null}},"38":{"start":{"line":319,"column":25},"end":{"line":319,"column":43}},"39":{"start":{"line":320,"column":26},"end":{"line":320,"column":45}},"40":{"start":{"line":321,"column":4},"end":{"line":322,"column":null}},"41":{"start":{"line":322,"column":8},"end":{"line":322,"column":null}},"42":{"start":{"line":323,"column":4},"end":{"line":324,"column":null}},"43":{"start":{"line":324,"column":47},"end":{"line":324,"column":92}},"44":{"start":{"line":327,"column":4},"end":{"line":328,"column":null}},"45":{"start":{"line":328,"column":8},"end":{"line":328,"column":null}},"46":{"start":{"line":329,"column":4},"end":{"line":329,"column":null}},"47":{"start":{"line":329,"column":62},"end":{"line":329,"column":100}},"48":{"start":{"line":331,"column":33},"end":{"line":352,"column":1}},"49":{"start":{"line":353,"column":32},"end":{"line":370,"column":1}},"50":{"start":{"line":372,"column":4},"end":{"line":372,"column":null}}},"fnMap":{"0":{"name":"authorizationRole","decl":{"start":{"line":75,"column":9},"end":{"line":75,"column":26}},"loc":{"start":{"line":75,"column":33},"end":{"line":79,"column":null}},"line":75},"1":{"name":"normalizeRole","decl":{"start":{"line":80,"column":16},"end":{"line":80,"column":29}},"loc":{"start":{"line":80,"column":37},"end":{"line":89,"column":null}},"line":80},"2":{"name":"roleInherits","decl":{"start":{"line":133,"column":9},"end":{"line":133,"column":21}},"loc":{"start":{"line":133,"column":58},"end":{"line":140,"column":null}},"line":133},"3":{"name":"(anonymous_3)","decl":{"start":{"line":139,"column":37},"end":{"line":139,"column":38}},"loc":{"start":{"line":139,"column":49},"end":{"line":139,"column":85}},"line":139},"4":{"name":"isAtLeast","decl":{"start":{"line":141,"column":16},"end":{"line":141,"column":25}},"loc":{"start":{"line":141,"column":44},"end":{"line":145,"column":null}},"line":141},"5":{"name":"collectPermissions","decl":{"start":{"line":308,"column":9},"end":{"line":308,"column":27}},"loc":{"start":{"line":308,"column":54},"end":{"line":314,"column":null}},"line":308},"6":{"name":"(anonymous_6)","decl":{"start":{"line":315,"column":70},"end":{"line":315,"column":71}},"loc":{"start":{"line":315,"column":80},"end":{"line":315,"column":131}},"line":315},"7":{"name":"permissionImplies","decl":{"start":{"line":316,"column":16},"end":{"line":316,"column":33}},"loc":{"start":{"line":316,"column":53},"end":{"line":325,"column":null}},"line":316},"8":{"name":"(anonymous_8)","decl":{"start":{"line":324,"column":30},"end":{"line":324,"column":31}},"loc":{"start":{"line":324,"column":47},"end":{"line":324,"column":92}},"line":324},"9":{"name":"hasPermission","decl":{"start":{"line":326,"column":16},"end":{"line":326,"column":29}},"loc":{"start":{"line":326,"column":48},"end":{"line":330,"column":null}},"line":326},"10":{"name":"(anonymous_10)","decl":{"start":{"line":329,"column":49},"end":{"line":329,"column":50}},"loc":{"start":{"line":329,"column":62},"end":{"line":329,"column":100}},"line":329},"11":{"name":"getDisplayName","decl":{"start":{"line":371,"column":16},"end":{"line":371,"column":30}},"loc":{"start":{"line":371,"column":37},"end":{"line":373,"column":null}},"line":371}},"branchMap":{"0":{"loc":{"start":{"line":76,"column":11},"end":{"line":78,"column":14}},"type":"cond-expr","locations":[{"start":{"line":77,"column":10},"end":{"line":77,"column":null}},{"start":{"line":78,"column":10},"end":{"line":78,"column":14}}],"line":76},"1":{"loc":{"start":{"line":81,"column":4},"end":{"line":82,"column":null}},"type":"if","locations":[{"start":{"line":81,"column":4},"end":{"line":82,"column":null}},{"start":{},"end":{}}],"line":81},"2":{"loc":{"start":{"line":84,"column":4},"end":{"line":85,"column":null}},"type":"if","locations":[{"start":{"line":84,"column":4},"end":{"line":85,"column":null}},{"start":{},"end":{}}],"line":84},"3":{"loc":{"start":{"line":86,"column":4},"end":{"line":87,"column":null}},"type":"if","locations":[{"start":{"line":86,"column":4},"end":{"line":87,"column":null}},{"start":{},"end":{}}],"line":86},"4":{"loc":{"start":{"line":88,"column":11},"end":{"line":88,"column":43}},"type":"binary-expr","locations":[{"start":{"line":88,"column":11},"end":{"line":88,"column":35}},{"start":{"line":88,"column":39},"end":{"line":88,"column":43}}],"line":88},"5":{"loc":{"start":{"line":133,"column":40},"end":{"line":133,"column":56}},"type":"default-arg","locations":[{"start":{"line":133,"column":47},"end":{"line":133,"column":56}}],"line":133},"6":{"loc":{"start":{"line":134,"column":4},"end":{"line":135,"column":null}},"type":"if","locations":[{"start":{"line":134,"column":4},"end":{"line":135,"column":null}},{"start":{},"end":{}}],"line":134},"7":{"loc":{"start":{"line":136,"column":4},"end":{"line":137,"column":null}},"type":"if","locations":[{"start":{"line":136,"column":4},"end":{"line":137,"column":null}},{"start":{},"end":{}}],"line":136},"8":{"loc":{"start":{"line":142,"column":4},"end":{"line":143,"column":null}},"type":"if","locations":[{"start":{"line":142,"column":4},"end":{"line":143,"column":null}},{"start":{},"end":{}}],"line":142},"9":{"loc":{"start":{"line":142,"column":8},"end":{"line":142,"column":68}},"type":"binary-expr","locations":[{"start":{"line":142,"column":8},"end":{"line":142,"column":35}},{"start":{"line":142,"column":39},"end":{"line":142,"column":68}}],"line":142},"10":{"loc":{"start":{"line":308,"column":34},"end":{"line":308,"column":52}},"type":"default-arg","locations":[{"start":{"line":308,"column":43},"end":{"line":308,"column":52}}],"line":308},"11":{"loc":{"start":{"line":317,"column":4},"end":{"line":318,"column":null}},"type":"if","locations":[{"start":{"line":317,"column":4},"end":{"line":318,"column":null}},{"start":{},"end":{}}],"line":317},"12":{"loc":{"start":{"line":317,"column":8},"end":{"line":317,"column":47}},"type":"binary-expr","locations":[{"start":{"line":317,"column":8},"end":{"line":317,"column":28}},{"start":{"line":317,"column":32},"end":{"line":317,"column":47}}],"line":317},"13":{"loc":{"start":{"line":321,"column":4},"end":{"line":322,"column":null}},"type":"if","locations":[{"start":{"line":321,"column":4},"end":{"line":322,"column":null}},{"start":{},"end":{}}],"line":321},"14":{"loc":{"start":{"line":321,"column":8},"end":{"line":321,"column":77}},"type":"binary-expr","locations":[{"start":{"line":321,"column":8},"end":{"line":321,"column":37}},{"start":{"line":321,"column":41},"end":{"line":321,"column":77}}],"line":321},"15":{"loc":{"start":{"line":323,"column":11},"end":{"line":324,"column":93}},"type":"binary-expr","locations":[{"start":{"line":323,"column":11},"end":{"line":323,"column":null}},{"start":{"line":324,"column":11},"end":{"line":324,"column":93}}],"line":323},"16":{"loc":{"start":{"line":324,"column":47},"end":{"line":324,"column":92}},"type":"binary-expr","locations":[{"start":{"line":324,"column":47},"end":{"line":324,"column":59}},{"start":{"line":324,"column":63},"end":{"line":324,"column":92}}],"line":324},"17":{"loc":{"start":{"line":327,"column":4},"end":{"line":328,"column":null}},"type":"if","locations":[{"start":{"line":327,"column":4},"end":{"line":328,"column":null}},{"start":{},"end":{}}],"line":327}},"s":{"0":2,"1":2,"2":2,"3":2,"4":2,"5":2,"6":40,"7":0,"8":0,"9":0,"10":0,"11":0,"12":0,"13":0,"14":0,"15":2,"16":2,"17":0,"18":0,"19":0,"20":0,"21":0,"22":0,"23":0,"24":0,"25":0,"26":0,"27":2,"28":2,"29":192,"30":152,"31":192,"32":778,"33":192,"34":2,"35":40,"36":0,"37":0,"38":0,"39":0,"40":0,"41":0,"42":0,"43":0,"44":0,"45":0,"46":0,"47":0,"48":2,"49":2,"50":0},"f":{"0":40,"1":0,"2":0,"3":0,"4":0,"5":192,"6":40,"7":0,"8":0,"9":0,"10":0,"11":0},"b":{"0":[8,32],"1":[0,0],"2":[0,0],"3":[0,0],"4":[0,0],"5":[0],"6":[0,0],"7":[0,0],"8":[0,0],"9":[0,0],"10":[192],"11":[0,0],"12":[0,0],"13":[0,0],"14":[0,0],"15":[0,0],"16":[0,0],"17":[0,0]},"meta":{"lastBranch":18,"lastFunction":12,"lastStatement":51,"seen":{"s:8:31:25:1":0,"s:26:38:41:1":1,"s:42:37:45:1":2,"s:46:25:52:1":3,"s:53:21:68:1":4,"s:69:27:74:1":5,"f:75:9:75:26":0,"s:76:4:78:Infinity":6,"b:77:10:77:Infinity:78:10:78:14":0,"f:80:16:80:29":1,"b:81:4:82:Infinity:undefined:undefined:undefined:undefined":1,"s:81:4:82:Infinity":7,"s:82:8:82:Infinity":8,"s:83:23:83:49":9,"b:84:4:85:Infinity:undefined:undefined:undefined:undefined":2,"s:84:4:85:Infinity":10,"s:85:8:85:Infinity":11,"b:86:4:87:Infinity:undefined:undefined:undefined:undefined":3,"s:86:4:87:Infinity":12,"s:87:8:87:Infinity":13,"s:88:4:88:Infinity":14,"b:88:11:88:35:88:39:88:43":4,"s:93:30:114:1":15,"s:115:21:132:1":16,"f:133:9:133:21":2,"b:133:47:133:56":5,"b:134:4:135:Infinity:undefined:undefined:undefined:undefined":6,"s:134:4:135:Infinity":17,"s:135:8:135:Infinity":18,"b:136:4:137:Infinity:undefined:undefined:undefined:undefined":7,"s:136:4:137:Infinity":19,"s:137:8:137:Infinity":20,"s:138:4:138:Infinity":21,"s:139:4:139:Infinity":22,"f:139:37:139:38":3,"s:139:49:139:85":23,"f:141:16:141:25":4,"b:142:4:143:Infinity:undefined:undefined:undefined:undefined":8,"s:142:4:143:Infinity":24,"b:142:8:142:35:142:39:142:68":9,"s:143:8:143:Infinity":25,"s:144:4:144:Infinity":26,"s:146:21:223:1":27,"s:224:27:307:1":28,"f:308:9:308:27":5,"b:308:43:308:52":10,"s:309:4:310:Infinity":29,"s:310:8:310:Infinity":30,"s:311:4:312:Infinity":31,"s:312:8:312:Infinity":32,"s:313:4:313:Infinity":33,"s:315:37:315:133":34,"f:315:70:315:71":6,"s:315:80:315:131":35,"f:316:16:316:33":7,"b:317:4:318:Infinity:undefined:undefined:undefined:undefined":11,"s:317:4:318:Infinity":36,"b:317:8:317:28:317:32:317:47":12,"s:318:8:318:Infinity":37,"s:319:25:319:43":38,"s:320:26:320:45":39,"b:321:4:322:Infinity:undefined:undefined:undefined:undefined":13,"s:321:4:322:Infinity":40,"b:321:8:321:37:321:41:321:77":14,"s:322:8:322:Infinity":41,"s:323:4:324:Infinity":42,"b:323:11:323:Infinity:324:11:324:93":15,"f:324:30:324:31":8,"s:324:47:324:92":43,"b:324:47:324:59:324:63:324:92":16,"f:326:16:326:29":9,"b:327:4:328:Infinity:undefined:undefined:undefined:undefined":17,"s:327:4:328:Infinity":44,"s:328:8:328:Infinity":45,"s:329:4:329:Infinity":46,"f:329:49:329:50":10,"s:329:62:329:100":47,"s:331:33:352:1":48,"s:353:32:370:1":49,"f:371:16:371:30":11,"s:372:4:372:Infinity":50},"fnNames":{}}}
,"C:\\Users\\tecbu\\Desktop\\PROJECT\\Tecbunny\\tecbunnywebapp\\packages\\core\\dist\\auth\\policy.js": {"path":"C:\\Users\\tecbu\\Desktop\\PROJECT\\Tecbunny\\tecbunnywebapp\\packages\\core\\dist\\auth\\policy.js","statementMap":{"0":{"start":{"line":7,"column":4},"end":{"line":8,"column":null}},"1":{"start":{"line":8,"column":8},"end":{"line":8,"column":null}},"2":{"start":{"line":12,"column":4},"end":{"line":14,"column":null}},"3":{"start":{"line":13,"column":8},"end":{"line":13,"column":null}},"4":{"start":{"line":15,"column":4},"end":{"line":17,"column":null}},"5":{"start":{"line":16,"column":8},"end":{"line":16,"column":null}},"6":{"start":{"line":19,"column":20},"end":{"line":19,"column":117}},"7":{"start":{"line":21,"column":4},"end":{"line":66,"column":null}},"8":{"start":{"line":23,"column":12},"end":{"line":24,"column":null}},"9":{"start":{"line":24,"column":16},"end":{"line":24,"column":null}},"10":{"start":{"line":25,"column":12},"end":{"line":26,"column":null}},"11":{"start":{"line":26,"column":16},"end":{"line":26,"column":null}},"12":{"start":{"line":27,"column":12},"end":{"line":28,"column":null}},"13":{"start":{"line":28,"column":16},"end":{"line":28,"column":null}},"14":{"start":{"line":29,"column":12},"end":{"line":30,"column":null}},"15":{"start":{"line":30,"column":16},"end":{"line":30,"column":null}},"16":{"start":{"line":31,"column":12},"end":{"line":31,"column":null}},"17":{"start":{"line":33,"column":12},"end":{"line":34,"column":null}},"18":{"start":{"line":34,"column":16},"end":{"line":34,"column":null}},"19":{"start":{"line":35,"column":12},"end":{"line":36,"column":null}},"20":{"start":{"line":36,"column":16},"end":{"line":36,"column":null}},"21":{"start":{"line":37,"column":12},"end":{"line":38,"column":null}},"22":{"start":{"line":38,"column":16},"end":{"line":38,"column":null}},"23":{"start":{"line":39,"column":12},"end":{"line":40,"column":null}},"24":{"start":{"line":40,"column":16},"end":{"line":40,"column":null}},"25":{"start":{"line":41,"column":12},"end":{"line":41,"column":null}},"26":{"start":{"line":43,"column":12},"end":{"line":44,"column":null}},"27":{"start":{"line":44,"column":16},"end":{"line":44,"column":null}},"28":{"start":{"line":45,"column":12},"end":{"line":46,"column":null}},"29":{"start":{"line":46,"column":16},"end":{"line":46,"column":null}},"30":{"start":{"line":47,"column":12},"end":{"line":48,"column":null}},"31":{"start":{"line":48,"column":16},"end":{"line":48,"column":null}},"32":{"start":{"line":49,"column":12},"end":{"line":49,"column":null}},"33":{"start":{"line":51,"column":12},"end":{"line":52,"column":null}},"34":{"start":{"line":52,"column":16},"end":{"line":52,"column":null}},"35":{"start":{"line":53,"column":12},"end":{"line":54,"column":null}},"36":{"start":{"line":54,"column":16},"end":{"line":54,"column":null}},"37":{"start":{"line":55,"column":12},"end":{"line":55,"column":null}},"38":{"start":{"line":57,"column":12},"end":{"line":58,"column":null}},"39":{"start":{"line":58,"column":16},"end":{"line":58,"column":null}},"40":{"start":{"line":59,"column":12},"end":{"line":60,"column":null}},"41":{"start":{"line":60,"column":16},"end":{"line":60,"column":null}},"42":{"start":{"line":61,"column":12},"end":{"line":62,"column":null}},"43":{"start":{"line":62,"column":16},"end":{"line":62,"column":null}},"44":{"start":{"line":63,"column":12},"end":{"line":64,"column":null}},"45":{"start":{"line":64,"column":16},"end":{"line":64,"column":null}},"46":{"start":{"line":65,"column":12},"end":{"line":65,"column":null}},"47":{"start":{"line":68,"column":4},"end":{"line":68,"column":null}}},"fnMap":{"0":{"name":"checkPolicy","decl":{"start":{"line":6,"column":16},"end":{"line":6,"column":27}},"loc":{"start":{"line":6,"column":72},"end":{"line":69,"column":null}},"line":6}},"branchMap":{"0":{"loc":{"start":{"line":7,"column":4},"end":{"line":8,"column":null}},"type":"if","locations":[{"start":{"line":7,"column":4},"end":{"line":8,"column":null}},{"start":{},"end":{}}],"line":7},"1":{"loc":{"start":{"line":12,"column":4},"end":{"line":14,"column":null}},"type":"if","locations":[{"start":{"line":12,"column":4},"end":{"line":14,"column":null}},{"start":{},"end":{}}],"line":12},"2":{"loc":{"start":{"line":12,"column":8},"end":{"line":12,"column":102}},"type":"binary-expr","locations":[{"start":{"line":12,"column":8},"end":{"line":12,"column":33}},{"start":{"line":12,"column":37},"end":{"line":12,"column":53}},{"start":{"line":12,"column":57},"end":{"line":12,"column":102}}],"line":12},"3":{"loc":{"start":{"line":15,"column":4},"end":{"line":17,"column":null}},"type":"if","locations":[{"start":{"line":15,"column":4},"end":{"line":17,"column":null}},{"start":{},"end":{}}],"line":15},"4":{"loc":{"start":{"line":15,"column":8},"end":{"line":15,"column":102}},"type":"binary-expr","locations":[{"start":{"line":15,"column":8},"end":{"line":15,"column":33}},{"start":{"line":15,"column":37},"end":{"line":15,"column":53}},{"start":{"line":15,"column":57},"end":{"line":15,"column":102}}],"line":15},"5":{"loc":{"start":{"line":19,"column":28},"end":{"line":19,"column":116}},"type":"binary-expr","locations":[{"start":{"line":19,"column":28},"end":{"line":19,"column":42}},{"start":{"line":19,"column":46},"end":{"line":19,"column":70}},{"start":{"line":19,"column":74},"end":{"line":19,"column":116}}],"line":19},"6":{"loc":{"start":{"line":21,"column":4},"end":{"line":66,"column":null}},"type":"switch","locations":[{"start":{"line":22,"column":8},"end":{"line":31,"column":null}},{"start":{"line":32,"column":8},"end":{"line":41,"column":null}},{"start":{"line":42,"column":8},"end":{"line":49,"column":null}},{"start":{"line":50,"column":8},"end":{"line":55,"column":null}},{"start":{"line":56,"column":8},"end":{"line":65,"column":null}}],"line":21},"7":{"loc":{"start":{"line":23,"column":12},"end":{"line":24,"column":null}},"type":"if","locations":[{"start":{"line":23,"column":12},"end":{"line":24,"column":null}},{"start":{},"end":{}}],"line":23},"8":{"loc":{"start":{"line":25,"column":12},"end":{"line":26,"column":null}},"type":"if","locations":[{"start":{"line":25,"column":12},"end":{"line":26,"column":null}},{"start":{},"end":{}}],"line":25},"9":{"loc":{"start":{"line":27,"column":12},"end":{"line":28,"column":null}},"type":"if","locations":[{"start":{"line":27,"column":12},"end":{"line":28,"column":null}},{"start":{},"end":{}}],"line":27},"10":{"loc":{"start":{"line":27,"column":16},"end":{"line":27,"column":58}},"type":"binary-expr","locations":[{"start":{"line":27,"column":16},"end":{"line":27,"column":35}},{"start":{"line":27,"column":39},"end":{"line":27,"column":58}}],"line":27},"11":{"loc":{"start":{"line":29,"column":12},"end":{"line":30,"column":null}},"type":"if","locations":[{"start":{"line":29,"column":12},"end":{"line":30,"column":null}},{"start":{},"end":{}}],"line":29},"12":{"loc":{"start":{"line":33,"column":12},"end":{"line":34,"column":null}},"type":"if","locations":[{"start":{"line":33,"column":12},"end":{"line":34,"column":null}},{"start":{},"end":{}}],"line":33},"13":{"loc":{"start":{"line":34,"column":23},"end":{"line":34,"column":132}},"type":"cond-expr","locations":[{"start":{"line":34,"column":33},"end":{"line":34,"column":83}},{"start":{"line":34,"column":86},"end":{"line":34,"column":132}}],"line":34},"14":{"loc":{"start":{"line":35,"column":12},"end":{"line":36,"column":null}},"type":"if","locations":[{"start":{"line":35,"column":12},"end":{"line":36,"column":null}},{"start":{},"end":{}}],"line":35},"15":{"loc":{"start":{"line":36,"column":23},"end":{"line":36,"column":132}},"type":"binary-expr","locations":[{"start":{"line":36,"column":23},"end":{"line":36,"column":71}},{"start":{"line":36,"column":75},"end":{"line":36,"column":132}}],"line":36},"16":{"loc":{"start":{"line":37,"column":12},"end":{"line":38,"column":null}},"type":"if","locations":[{"start":{"line":37,"column":12},"end":{"line":38,"column":null}},{"start":{},"end":{}}],"line":37},"17":{"loc":{"start":{"line":37,"column":16},"end":{"line":37,"column":58}},"type":"binary-expr","locations":[{"start":{"line":37,"column":16},"end":{"line":37,"column":35}},{"start":{"line":37,"column":39},"end":{"line":37,"column":58}}],"line":37},"18":{"loc":{"start":{"line":39,"column":12},"end":{"line":40,"column":null}},"type":"if","locations":[{"start":{"line":39,"column":12},"end":{"line":40,"column":null}},{"start":{},"end":{}}],"line":39},"19":{"loc":{"start":{"line":43,"column":12},"end":{"line":44,"column":null}},"type":"if","locations":[{"start":{"line":43,"column":12},"end":{"line":44,"column":null}},{"start":{},"end":{}}],"line":43},"20":{"loc":{"start":{"line":44,"column":23},"end":{"line":44,"column":133}},"type":"cond-expr","locations":[{"start":{"line":44,"column":33},"end":{"line":44,"column":37}},{"start":{"line":44,"column":41},"end":{"line":44,"column":132}}],"line":44},"21":{"loc":{"start":{"line":44,"column":41},"end":{"line":44,"column":132}},"type":"binary-expr","locations":[{"start":{"line":44,"column":41},"end":{"line":44,"column":84}},{"start":{"line":44,"column":88},"end":{"line":44,"column":132}}],"line":44},"22":{"loc":{"start":{"line":45,"column":12},"end":{"line":46,"column":null}},"type":"if","locations":[{"start":{"line":45,"column":12},"end":{"line":46,"column":null}},{"start":{},"end":{}}],"line":45},"23":{"loc":{"start":{"line":45,"column":16},"end":{"line":45,"column":57}},"type":"binary-expr","locations":[{"start":{"line":45,"column":16},"end":{"line":45,"column":34}},{"start":{"line":45,"column":38},"end":{"line":45,"column":57}}],"line":45},"24":{"loc":{"start":{"line":47,"column":12},"end":{"line":48,"column":null}},"type":"if","locations":[{"start":{"line":47,"column":12},"end":{"line":48,"column":null}},{"start":{},"end":{}}],"line":47},"25":{"loc":{"start":{"line":51,"column":12},"end":{"line":52,"column":null}},"type":"if","locations":[{"start":{"line":51,"column":12},"end":{"line":52,"column":null}},{"start":{},"end":{}}],"line":51},"26":{"loc":{"start":{"line":52,"column":23},"end":{"line":52,"column":141}},"type":"cond-expr","locations":[{"start":{"line":52,"column":33},"end":{"line":52,"column":37}},{"start":{"line":52,"column":41},"end":{"line":52,"column":140}}],"line":52},"27":{"loc":{"start":{"line":52,"column":41},"end":{"line":52,"column":140}},"type":"binary-expr","locations":[{"start":{"line":52,"column":41},"end":{"line":52,"column":86}},{"start":{"line":52,"column":90},"end":{"line":52,"column":140}}],"line":52},"28":{"loc":{"start":{"line":53,"column":12},"end":{"line":54,"column":null}},"type":"if","locations":[{"start":{"line":53,"column":12},"end":{"line":54,"column":null}},{"start":{},"end":{}}],"line":53},"29":{"loc":{"start":{"line":53,"column":16},"end":{"line":53,"column":81}},"type":"binary-expr","locations":[{"start":{"line":53,"column":16},"end":{"line":53,"column":35}},{"start":{"line":53,"column":39},"end":{"line":53,"column":58}},{"start":{"line":53,"column":62},"end":{"line":53,"column":81}}],"line":53},"30":{"loc":{"start":{"line":57,"column":12},"end":{"line":58,"column":null}},"type":"if","locations":[{"start":{"line":57,"column":12},"end":{"line":58,"column":null}},{"start":{},"end":{}}],"line":57},"31":{"loc":{"start":{"line":59,"column":12},"end":{"line":60,"column":null}},"type":"if","locations":[{"start":{"line":59,"column":12},"end":{"line":60,"column":null}},{"start":{},"end":{}}],"line":59},"32":{"loc":{"start":{"line":61,"column":12},"end":{"line":62,"column":null}},"type":"if","locations":[{"start":{"line":61,"column":12},"end":{"line":62,"column":null}},{"start":{},"end":{}}],"line":61},"33":{"loc":{"start":{"line":61,"column":16},"end":{"line":61,"column":58}},"type":"binary-expr","locations":[{"start":{"line":61,"column":16},"end":{"line":61,"column":35}},{"start":{"line":61,"column":39},"end":{"line":61,"column":58}}],"line":61},"34":{"loc":{"start":{"line":63,"column":12},"end":{"line":64,"column":null}},"type":"if","locations":[{"start":{"line":63,"column":12},"end":{"line":64,"column":null}},{"start":{},"end":{}}],"line":63}},"s":{"0":0,"1":0,"2":0,"3":0,"4":0,"5":0,"6":0,"7":0,"8":0,"9":0,"10":0,"11":0,"12":0,"13":0,"14":0,"15":0,"16":0,"17":0,"18":0,"19":0,"20":0,"21":0,"22":0,"23":0,"24":0,"25":0,"26":0,"27":0,"28":0,"29":0,"30":0,"31":0,"32":0,"33":0,"34":0,"35":0,"36":0,"37":0,"38":0,"39":0,"40":0,"41":0,"42":0,"43":0,"44":0,"45":0,"46":0,"47":0},"f":{"0":0},"b":{"0":[0,0],"1":[0,0],"2":[0,0,0],"3":[0,0],"4":[0,0,0],"5":[0,0,0],"6":[0,0,0,0,0],"7":[0,0],"8":[0,0],"9":[0,0],"10":[0,0],"11":[0,0],"12":[0,0],"13":[0,0],"14":[0,0],"15":[0,0],"16":[0,0],"17":[0,0],"18":[0,0],"19":[0,0],"20":[0,0],"21":[0,0],"22":[0,0],"23":[0,0],"24":[0,0],"25":[0,0],"26":[0,0],"27":[0,0],"28":[0,0],"29":[0,0,0],"30":[0,0],"31":[0,0],"32":[0,0],"33":[0,0],"34":[0,0]},"meta":{"lastBranch":35,"lastFunction":1,"lastStatement":48,"seen":{"f:6:16:6:27":0,"b:7:4:8:Infinity:undefined:undefined:undefined:undefined":0,"s:7:4:8:Infinity":0,"s:8:8:8:Infinity":1,"b:12:4:14:Infinity:undefined:undefined:undefined:undefined":1,"s:12:4:14:Infinity":2,"b:12:8:12:33:12:37:12:53:12:57:12:102":2,"s:13:8:13:Infinity":3,"b:15:4:17:Infinity:undefined:undefined:undefined:undefined":3,"s:15:4:17:Infinity":4,"b:15:8:15:33:15:37:15:53:15:57:15:102":4,"s:16:8:16:Infinity":5,"s:19:20:19:117":6,"b:19:28:19:42:19:46:19:70:19:74:19:116":5,"b:22:8:31:Infinity:32:8:41:Infinity:42:8:49:Infinity:50:8:55:Infinity:56:8:65:Infinity":6,"s:21:4:66:Infinity":7,"b:23:12:24:Infinity:undefined:undefined:undefined:undefined":7,"s:23:12:24:Infinity":8,"s:24:16:24:Infinity":9,"b:25:12:26:Infinity:undefined:undefined:undefined:undefined":8,"s:25:12:26:Infinity":10,"s:26:16:26:Infinity":11,"b:27:12:28:Infinity:undefined:undefined:undefined:undefined":9,"s:27:12:28:Infinity":12,"b:27:16:27:35:27:39:27:58":10,"s:28:16:28:Infinity":13,"b:29:12:30:Infinity:undefined:undefined:undefined:undefined":11,"s:29:12:30:Infinity":14,"s:30:16:30:Infinity":15,"s:31:12:31:Infinity":16,"b:33:12:34:Infinity:undefined:undefined:undefined:undefined":12,"s:33:12:34:Infinity":17,"s:34:16:34:Infinity":18,"b:34:33:34:83:34:86:34:132":13,"b:35:12:36:Infinity:undefined:undefined:undefined:undefined":14,"s:35:12:36:Infinity":19,"s:36:16:36:Infinity":20,"b:36:23:36:71:36:75:36:132":15,"b:37:12:38:Infinity:undefined:undefined:undefined:undefined":16,"s:37:12:38:Infinity":21,"b:37:16:37:35:37:39:37:58":17,"s:38:16:38:Infinity":22,"b:39:12:40:Infinity:undefined:undefined:undefined:undefined":18,"s:39:12:40:Infinity":23,"s:40:16:40:Infinity":24,"s:41:12:41:Infinity":25,"b:43:12:44:Infinity:undefined:undefined:undefined:undefined":19,"s:43:12:44:Infinity":26,"s:44:16:44:Infinity":27,"b:44:33:44:37:44:41:44:132":20,"b:44:41:44:84:44:88:44:132":21,"b:45:12:46:Infinity:undefined:undefined:undefined:undefined":22,"s:45:12:46:Infinity":28,"b:45:16:45:34:45:38:45:57":23,"s:46:16:46:Infinity":29,"b:47:12:48:Infinity:undefined:undefined:undefined:undefined":24,"s:47:12:48:Infinity":30,"s:48:16:48:Infinity":31,"s:49:12:49:Infinity":32,"b:51:12:52:Infinity:undefined:undefined:undefined:undefined":25,"s:51:12:52:Infinity":33,"s:52:16:52:Infinity":34,"b:52:33:52:37:52:41:52:140":26,"b:52:41:52:86:52:90:52:140":27,"b:53:12:54:Infinity:undefined:undefined:undefined:undefined":28,"s:53:12:54:Infinity":35,"b:53:16:53:35:53:39:53:58:53:62:53:81":29,"s:54:16:54:Infinity":36,"s:55:12:55:Infinity":37,"b:57:12:58:Infinity:undefined:undefined:undefined:undefined":30,"s:57:12:58:Infinity":38,"s:58:16:58:Infinity":39,"b:59:12:60:Infinity:undefined:undefined:undefined:undefined":31,"s:59:12:60:Infinity":40,"s:60:16:60:Infinity":41,"b:61:12:62:Infinity:undefined:undefined:undefined:undefined":32,"s:61:12:62:Infinity":42,"b:61:16:61:35:61:39:61:58":33,"s:62:16:62:Infinity":43,"b:63:12:64:Infinity:undefined:undefined:undefined:undefined":34,"s:63:12:64:Infinity":44,"s:64:16:64:Infinity":45,"s:65:12:65:Infinity":46,"s:68:4:68:Infinity":47},"fnNames":{}}}
,"C:\\Users\\tecbu\\Desktop\\PROJECT\\Tecbunny\\tecbunnywebapp\\packages\\core\\dist\\db\\prisma.js": {"path":"C:\\Users\\tecbu\\Desktop\\PROJECT\\Tecbunny\\tecbunnywebapp\\packages\\core\\dist\\db\\prisma.js","statementMap":{"0":{"start":{"line":5,"column":36},"end":{"line":5,"column":null}},"1":{"start":{"line":12,"column":24},"end":{"line":12,"column":null}},"2":{"start":{"line":13,"column":16},"end":{"line":13,"column":null}},"3":{"start":{"line":14,"column":6},"end":{"line":14,"column":null}},"4":{"start":{"line":15,"column":19},"end":{"line":18,"column":null}},"5":{"start":{"line":19,"column":22},"end":{"line":66,"column":null}},"6":{"start":{"line":23,"column":27},"end":{"line":23,"column":null}},"7":{"start":{"line":24,"column":34},"end":{"line":24,"column":null}},"8":{"start":{"line":26,"column":35},"end":{"line":26,"column":null}},"9":{"start":{"line":27,"column":16},"end":{"line":47,"column":null}},"10":{"start":{"line":28,"column":20},"end":{"line":28,"column":null}},"11":{"start":{"line":29,"column":20},"end":{"line":29,"column":null}},"12":{"start":{"line":30,"column":20},"end":{"line":30,"column":null}},"13":{"start":{"line":33,"column":20},"end":{"line":46,"column":null}},"14":{"start":{"line":35,"column":55},"end":{"line":35,"column":null}},"15":{"start":{"line":36,"column":37},"end":{"line":36,"column":null}},"16":{"start":{"line":37,"column":24},"end":{"line":37,"column":null}},"17":{"start":{"line":38,"column":24},"end":{"line":38,"column":null}},"18":{"start":{"line":39,"column":24},"end":{"line":39,"column":null}},"19":{"start":{"line":44,"column":24},"end":{"line":44,"column":null}},"20":{"start":{"line":45,"column":24},"end":{"line":45,"column":null}},"21":{"start":{"line":49,"column":29},"end":{"line":49,"column":null}},"22":{"start":{"line":50,"column":16},"end":{"line":57,"column":null}},"23":{"start":{"line":51,"column":20},"end":{"line":51,"column":null}},"24":{"start":{"line":52,"column":21},"end":{"line":57,"column":null}},"25":{"start":{"line":53,"column":20},"end":{"line":53,"column":null}},"26":{"start":{"line":54,"column":21},"end":{"line":57,"column":null}},"27":{"start":{"line":55,"column":20},"end":{"line":55,"column":null}},"28":{"start":{"line":56,"column":21},"end":{"line":57,"column":null}},"29":{"start":{"line":57,"column":20},"end":{"line":57,"column":null}},"30":{"start":{"line":58,"column":34},"end":{"line":58,"column":null}},"31":{"start":{"line":59,"column":16},"end":{"line":61,"column":null}},"32":{"start":{"line":60,"column":20},"end":{"line":60,"column":null}},"33":{"start":{"line":62,"column":16},"end":{"line":62,"column":null}},"34":{"start":{"line":67,"column":0},"end":{"line":68,"column":null}},"35":{"start":{"line":68,"column":4},"end":{"line":68,"column":null}}},"fnMap":{"0":{"name":"$allOperations","decl":{"start":{"line":22,"column":18},"end":{"line":22,"column":33}},"loc":{"start":{"line":22,"column":68},"end":{"line":63,"column":null}},"line":22}},"branchMap":{"0":{"loc":{"start":{"line":13,"column":29},"end":{"line":13,"column":59}},"type":"binary-expr","locations":[{"start":{"line":13,"column":29},"end":{"line":13,"column":57}},{"start":{"line":13,"column":57},"end":{"line":13,"column":59}}],"line":13},"1":{"loc":{"start":{"line":15,"column":19},"end":{"line":18,"column":null}},"type":"binary-expr","locations":[{"start":{"line":15,"column":19},"end":{"line":15,"column":45}},{"start":{"line":15,"column":45},"end":{"line":18,"column":null}}],"line":15},"2":{"loc":{"start":{"line":17,"column":9},"end":{"line":17,"column":null}},"type":"cond-expr","locations":[{"start":{"line":17,"column":24},"end":{"line":17,"column":44}},{"start":{"line":17,"column":44},"end":{"line":17,"column":null}}],"line":17},"3":{"loc":{"start":{"line":27,"column":16},"end":{"line":47,"column":null}},"type":"if","locations":[{"start":{"line":27,"column":16},"end":{"line":47,"column":null}},{"start":{"line":32,"column":21},"end":{"line":47,"column":null}}],"line":27},"4":{"loc":{"start":{"line":50,"column":16},"end":{"line":57,"column":null}},"type":"if","locations":[{"start":{"line":50,"column":16},"end":{"line":57,"column":null}},{"start":{"line":52,"column":21},"end":{"line":57,"column":null}}],"line":50},"5":{"loc":{"start":{"line":52,"column":21},"end":{"line":57,"column":null}},"type":"if","locations":[{"start":{"line":52,"column":21},"end":{"line":57,"column":null}},{"start":{"line":54,"column":21},"end":{"line":57,"column":null}}],"line":52},"6":{"loc":{"start":{"line":54,"column":21},"end":{"line":57,"column":null}},"type":"if","locations":[{"start":{"line":54,"column":21},"end":{"line":57,"column":null}},{"start":{"line":56,"column":21},"end":{"line":57,"column":null}}],"line":54},"7":{"loc":{"start":{"line":56,"column":21},"end":{"line":57,"column":null}},"type":"if","locations":[{"start":{"line":56,"column":21},"end":{"line":57,"column":null}},{"start":{},"end":{}}],"line":56},"8":{"loc":{"start":{"line":58,"column":86},"end":{"line":58,"column":101}},"type":"binary-expr","locations":[{"start":{"line":58,"column":86},"end":{"line":58,"column":95}},{"start":{"line":58,"column":95},"end":{"line":58,"column":101}}],"line":58},"9":{"loc":{"start":{"line":59,"column":16},"end":{"line":61,"column":null}},"type":"if","locations":[{"start":{"line":59,"column":16},"end":{"line":61,"column":null}},{"start":{},"end":{}}],"line":59},"10":{"loc":{"start":{"line":67,"column":0},"end":{"line":68,"column":null}},"type":"if","locations":[{"start":{"line":67,"column":0},"end":{"line":68,"column":null}},{"start":{},"end":{}}],"line":67}},"s":{"0":2,"1":2,"2":2,"3":2,"4":2,"5":2,"6":0,"7":0,"8":0,"9":0,"10":0,"11":0,"12":0,"13":0,"14":0,"15":0,"16":0,"17":0,"18":0,"19":0,"20":0,"21":0,"22":0,"23":0,"24":0,"25":0,"26":0,"27":0,"28":0,"29":0,"30":0,"31":0,"32":0,"33":0,"34":2,"35":2},"f":{"0":0},"b":{"0":[2,2],"1":[2,2],"2":[0,2],"3":[0,0],"4":[0,0],"5":[0,0],"6":[0,0],"7":[0,0],"8":[0,0],"9":[0,0],"10":[2,0]},"meta":{"lastBranch":11,"lastFunction":1,"lastStatement":36,"seen":{"s:5:36:5:Infinity":0,"s:12:24:12:Infinity":1,"s:13:16:13:Infinity":2,"b:13:29:13:57:13:57:13:59":0,"s:14:6:14:Infinity":3,"s:15:19:18:Infinity":4,"b:15:19:15:45:15:45:18:Infinity":1,"b:17:24:17:44:17:44:17:Infinity":2,"s:19:22:66:Infinity":5,"f:22:18:22:33":0,"s:23:27:23:Infinity":6,"s:24:34:24:Infinity":7,"s:26:35:26:Infinity":8,"b:27:16:47:Infinity:32:21:47:Infinity":3,"s:27:16:47:Infinity":9,"s:28:20:28:Infinity":10,"s:29:20:29:Infinity":11,"s:30:20:30:Infinity":12,"s:33:20:46:Infinity":13,"s:35:55:35:Infinity":14,"s:36:37:36:Infinity":15,"s:37:24:37:Infinity":16,"s:38:24:38:Infinity":17,"s:39:24:39:Infinity":18,"s:44:24:44:Infinity":19,"s:45:24:45:Infinity":20,"s:49:29:49:Infinity":21,"b:50:16:57:Infinity:52:21:57:Infinity":4,"s:50:16:57:Infinity":22,"s:51:20:51:Infinity":23,"b:52:21:57:Infinity:54:21:57:Infinity":5,"s:52:21:57:Infinity":24,"s:53:20:53:Infinity":25,"b:54:21:57:Infinity:56:21:57:Infinity":6,"s:54:21:57:Infinity":26,"s:55:20:55:Infinity":27,"b:56:21:57:Infinity:undefined:undefined:undefined:undefined":7,"s:56:21:57:Infinity":28,"s:57:20:57:Infinity":29,"s:58:34:58:Infinity":30,"b:58:86:58:95:58:95:58:101":8,"b:59:16:61:Infinity:undefined:undefined:undefined:undefined":9,"s:59:16:61:Infinity":31,"s:60:20:60:Infinity":32,"s:62:16:62:Infinity":33,"b:67:0:68:Infinity:undefined:undefined:undefined:undefined":10,"s:67:0:68:Infinity":34,"s:68:4:68:Infinity":35},"fnNames":{}}}
,"C:\\Users\\tecbu\\Desktop\\PROJECT\\Tecbunny\\tecbunnywebapp\\packages\\core\\dist\\services\\api-platform.service.js": {"path":"C:\\Users\\tecbu\\Desktop\\PROJECT\\Tecbunny\\tecbunnywebapp\\packages\\core\\dist\\services\\api-platform.service.js","statementMap":{"0":{"start":{"line":4,"column":18},"end":{"line":4,"column":82}},"1":{"start":{"line":5,"column":14},"end":{"line":5,"column":16}},"2":{"start":{"line":6,"column":4},"end":{"line":8,"column":null}},"3":{"start":{"line":6,"column":17},"end":{"line":6,"column":18}},"4":{"start":{"line":7,"column":8},"end":{"line":7,"column":null}},"5":{"start":{"line":9,"column":4},"end":{"line":9,"column":null}},"6":{"start":{"line":16,"column":18},"end":{"line":16,"column":24}},"7":{"start":{"line":17,"column":23},"end":{"line":24,"column":9}},"8":{"start":{"line":25,"column":8},"end":{"line":27,"column":null}},"9":{"start":{"line":26,"column":12},"end":{"line":26,"column":null}},"10":{"start":{"line":28,"column":8},"end":{"line":28,"column":null}},"11":{"start":{"line":34,"column":18},"end":{"line":34,"column":24}},"12":{"start":{"line":35,"column":26},"end":{"line":35,"column":73}},"13":{"start":{"line":36,"column":26},"end":{"line":36,"column":42}},"14":{"start":{"line":37,"column":23},"end":{"line":37,"column":80}},"15":{"start":{"line":38,"column":24},"end":{"line":50,"column":9}},"16":{"start":{"line":51,"column":8},"end":{"line":53,"column":null}},"17":{"start":{"line":52,"column":12},"end":{"line":52,"column":null}},"18":{"start":{"line":54,"column":8},"end":{"line":59,"column":null}},"19":{"start":{"line":62,"column":18},"end":{"line":62,"column":24}},"20":{"start":{"line":63,"column":26},"end":{"line":63,"column":42}},"21":{"start":{"line":64,"column":26},"end":{"line":64,"column":50}},"22":{"start":{"line":65,"column":30},"end":{"line":65,"column":81}},"23":{"start":{"line":66,"column":8},"end":{"line":74,"column":null}},"24":{"start":{"line":67,"column":12},"end":{"line":73,"column":null}},"25":{"start":{"line":75,"column":8},"end":{"line":75,"column":null}},"26":{"start":{"line":81,"column":8},"end":{"line":83,"column":null}},"27":{"start":{"line":82,"column":12},"end":{"line":82,"column":null}},"28":{"start":{"line":84,"column":8},"end":{"line":86,"column":null}},"29":{"start":{"line":85,"column":12},"end":{"line":85,"column":null}},"30":{"start":{"line":87,"column":8},"end":{"line":89,"column":null}},"31":{"start":{"line":88,"column":12},"end":{"line":88,"column":null}},"32":{"start":{"line":90,"column":8},"end":{"line":90,"column":null}},"33":{"start":{"line":93,"column":18},"end":{"line":93,"column":24}},"34":{"start":{"line":94,"column":27},"end":{"line":107,"column":9}},"35":{"start":{"line":108,"column":8},"end":{"line":110,"column":null}},"36":{"start":{"line":109,"column":12},"end":{"line":109,"column":null}},"37":{"start":{"line":111,"column":8},"end":{"line":111,"column":null}},"38":{"start":{"line":117,"column":18},"end":{"line":117,"column":24}},"39":{"start":{"line":118,"column":24},"end":{"line":118,"column":49}},"40":{"start":{"line":119,"column":25},"end":{"line":132,"column":9}},"41":{"start":{"line":133,"column":8},"end":{"line":135,"column":null}},"42":{"start":{"line":134,"column":12},"end":{"line":134,"column":null}},"43":{"start":{"line":136,"column":8},"end":{"line":136,"column":null}},"44":{"start":{"line":139,"column":18},"end":{"line":139,"column":24}},"45":{"start":{"line":140,"column":28},"end":{"line":140,"column":52}},"46":{"start":{"line":141,"column":23},"end":{"line":141,"column":60}},"47":{"start":{"line":142,"column":8},"end":{"line":152,"column":null}},"48":{"start":{"line":143,"column":12},"end":{"line":151,"column":null}},"49":{"start":{"line":153,"column":8},"end":{"line":153,"column":null}},"50":{"start":{"line":159,"column":18},"end":{"line":159,"column":24}},"51":{"start":{"line":160,"column":24},"end":{"line":164,"column":9}},"52":{"start":{"line":165,"column":8},"end":{"line":170,"column":null}},"53":{"start":{"line":166,"column":12},"end":{"line":169,"column":null}},"54":{"start":{"line":171,"column":8},"end":{"line":171,"column":null}},"55":{"start":{"line":174,"column":18},"end":{"line":174,"column":24}},"56":{"start":{"line":175,"column":23},"end":{"line":177,"column":23}},"57":{"start":{"line":178,"column":24},"end":{"line":186,"column":9}},"58":{"start":{"line":187,"column":8},"end":{"line":189,"column":null}},"59":{"start":{"line":188,"column":12},"end":{"line":188,"column":null}},"60":{"start":{"line":190,"column":8},"end":{"line":198,"column":null}},"61":{"start":{"line":191,"column":12},"end":{"line":197,"column":null}},"62":{"start":{"line":199,"column":8},"end":{"line":199,"column":null}},"63":{"start":{"line":205,"column":18},"end":{"line":205,"column":24}},"64":{"start":{"line":206,"column":24},"end":{"line":209,"column":9}},"65":{"start":{"line":210,"column":8},"end":{"line":212,"column":null}},"66":{"start":{"line":211,"column":12},"end":{"line":211,"column":null}},"67":{"start":{"line":213,"column":8},"end":{"line":213,"column":null}}},"fnMap":{"0":{"name":"randomSecret","decl":{"start":{"line":3,"column":9},"end":{"line":3,"column":21}},"loc":{"start":{"line":3,"column":35},"end":{"line":10,"column":null}},"line":3},"1":{"name":"registerApiClient","decl":{"start":{"line":15,"column":17},"end":{"line":15,"column":34}},"loc":{"start":{"line":15,"column":43},"end":{"line":29,"column":null}},"line":15},"2":{"name":"createApiKey","decl":{"start":{"line":33,"column":17},"end":{"line":33,"column":29}},"loc":{"start":{"line":33,"column":38},"end":{"line":60,"column":null}},"line":33},"3":{"name":"rotateApiKey","decl":{"start":{"line":61,"column":17},"end":{"line":61,"column":29}},"loc":{"start":{"line":61,"column":40},"end":{"line":76,"column":null}},"line":61},"4":{"name":"evaluateRateLimit","decl":{"start":{"line":80,"column":17},"end":{"line":80,"column":34}},"loc":{"start":{"line":80,"column":43},"end":{"line":91,"column":null}},"line":80},"5":{"name":"logApiRequest","decl":{"start":{"line":92,"column":17},"end":{"line":92,"column":30}},"loc":{"start":{"line":92,"column":39},"end":{"line":112,"column":null}},"line":92},"6":{"name":"enqueueWebhookDelivery","decl":{"start":{"line":116,"column":17},"end":{"line":116,"column":39}},"loc":{"start":{"line":116,"column":48},"end":{"line":137,"column":null}},"line":116},"7":{"name":"finalizeWebhookDelivery","decl":{"start":{"line":138,"column":17},"end":{"line":138,"column":40}},"loc":{"start":{"line":138,"column":49},"end":{"line":154,"column":null}},"line":138},"8":{"name":"startSyncJob","decl":{"start":{"line":158,"column":17},"end":{"line":158,"column":29}},"loc":{"start":{"line":158,"column":35},"end":{"line":172,"column":null}},"line":158},"9":{"name":"completeSyncJob","decl":{"start":{"line":173,"column":17},"end":{"line":173,"column":32}},"loc":{"start":{"line":173,"column":41},"end":{"line":200,"column":null}},"line":173},"10":{"name":"recordProviderHealth","decl":{"start":{"line":204,"column":17},"end":{"line":204,"column":37}},"loc":{"start":{"line":204,"column":48},"end":{"line":214,"column":null}},"line":204}},"branchMap":{"0":{"loc":{"start":{"line":3,"column":22},"end":{"line":3,"column":33}},"type":"default-arg","locations":[{"start":{"line":3,"column":31},"end":{"line":3,"column":33}}],"line":3},"1":{"loc":{"start":{"line":22,"column":31},"end":{"line":22,"column":59}},"type":"binary-expr","locations":[{"start":{"line":22,"column":31},"end":{"line":22,"column":53}},{"start":{"line":22,"column":57},"end":{"line":22,"column":59}}],"line":22},"2":{"loc":{"start":{"line":25,"column":8},"end":{"line":27,"column":null}},"type":"if","locations":[{"start":{"line":25,"column":8},"end":{"line":27,"column":null}},{"start":{},"end":{}}],"line":25},"3":{"loc":{"start":{"line":51,"column":8},"end":{"line":53,"column":null}},"type":"if","locations":[{"start":{"line":51,"column":8},"end":{"line":53,"column":null}},{"start":{},"end":{}}],"line":51},"4":{"loc":{"start":{"line":66,"column":8},"end":{"line":74,"column":null}},"type":"if","locations":[{"start":{"line":66,"column":8},"end":{"line":74,"column":null}},{"start":{},"end":{}}],"line":66},"5":{"loc":{"start":{"line":81,"column":8},"end":{"line":83,"column":null}},"type":"if","locations":[{"start":{"line":81,"column":8},"end":{"line":83,"column":null}},{"start":{},"end":{}}],"line":81},"6":{"loc":{"start":{"line":84,"column":8},"end":{"line":86,"column":null}},"type":"if","locations":[{"start":{"line":84,"column":8},"end":{"line":86,"column":null}},{"start":{},"end":{}}],"line":84},"7":{"loc":{"start":{"line":87,"column":8},"end":{"line":89,"column":null}},"type":"if","locations":[{"start":{"line":87,"column":8},"end":{"line":89,"column":null}},{"start":{},"end":{}}],"line":87},"8":{"loc":{"start":{"line":108,"column":8},"end":{"line":110,"column":null}},"type":"if","locations":[{"start":{"line":108,"column":8},"end":{"line":110,"column":null}},{"start":{},"end":{}}],"line":108},"9":{"loc":{"start":{"line":118,"column":24},"end":{"line":118,"column":49}},"type":"binary-expr","locations":[{"start":{"line":118,"column":24},"end":{"line":118,"column":44}},{"start":{"line":118,"column":48},"end":{"line":118,"column":49}}],"line":118},"10":{"loc":{"start":{"line":127,"column":27},"end":{"line":129,"column":27}},"type":"cond-expr","locations":[{"start":{"line":128,"column":18},"end":{"line":128,"column":null}},{"start":{"line":129,"column":18},"end":{"line":129,"column":27}}],"line":127},"11":{"loc":{"start":{"line":130,"column":20},"end":{"line":130,"column":58}},"type":"cond-expr","locations":[{"start":{"line":130,"column":36},"end":{"line":130,"column":45}},{"start":{"line":130,"column":48},"end":{"line":130,"column":58}}],"line":130},"12":{"loc":{"start":{"line":133,"column":8},"end":{"line":135,"column":null}},"type":"if","locations":[{"start":{"line":133,"column":8},"end":{"line":135,"column":null}},{"start":{},"end":{}}],"line":133},"13":{"loc":{"start":{"line":141,"column":23},"end":{"line":141,"column":60}},"type":"cond-expr","locations":[{"start":{"line":141,"column":40},"end":{"line":141,"column":49}},{"start":{"line":141,"column":52},"end":{"line":141,"column":60}}],"line":141},"14":{"loc":{"start":{"line":142,"column":8},"end":{"line":152,"column":null}},"type":"if","locations":[{"start":{"line":142,"column":8},"end":{"line":152,"column":null}},{"start":{},"end":{}}],"line":142},"15":{"loc":{"start":{"line":147,"column":33},"end":{"line":147,"column":58}},"type":"binary-expr","locations":[{"start":{"line":147,"column":33},"end":{"line":147,"column":50}},{"start":{"line":147,"column":54},"end":{"line":147,"column":58}}],"line":147},"16":{"loc":{"start":{"line":148,"column":35},"end":{"line":148,"column":62}},"type":"binary-expr","locations":[{"start":{"line":148,"column":35},"end":{"line":148,"column":54}},{"start":{"line":148,"column":58},"end":{"line":148,"column":62}}],"line":148},"17":{"loc":{"start":{"line":165,"column":8},"end":{"line":170,"column":null}},"type":"if","locations":[{"start":{"line":165,"column":8},"end":{"line":170,"column":null}},{"start":{},"end":{}}],"line":165},"18":{"loc":{"start":{"line":175,"column":23},"end":{"line":177,"column":23}},"type":"cond-expr","locations":[{"start":{"line":176,"column":15},"end":{"line":176,"column":73}},{"start":{"line":177,"column":14},"end":{"line":177,"column":23}}],"line":175},"19":{"loc":{"start":{"line":176,"column":15},"end":{"line":176,"column":73}},"type":"cond-expr","locations":[{"start":{"line":176,"column":45},"end":{"line":176,"column":62}},{"start":{"line":176,"column":65},"end":{"line":176,"column":73}}],"line":176},"20":{"loc":{"start":{"line":187,"column":8},"end":{"line":189,"column":null}},"type":"if","locations":[{"start":{"line":187,"column":8},"end":{"line":189,"column":null}},{"start":{},"end":{}}],"line":187},"21":{"loc":{"start":{"line":190,"column":8},"end":{"line":198,"column":null}},"type":"if","locations":[{"start":{"line":190,"column":8},"end":{"line":198,"column":null}},{"start":{},"end":{}}],"line":190},"22":{"loc":{"start":{"line":208,"column":24},"end":{"line":208,"column":71}},"type":"binary-expr","locations":[{"start":{"line":208,"column":24},"end":{"line":208,"column":43}},{"start":{"line":208,"column":47},"end":{"line":208,"column":71}}],"line":208},"23":{"loc":{"start":{"line":210,"column":8},"end":{"line":212,"column":null}},"type":"if","locations":[{"start":{"line":210,"column":8},"end":{"line":212,"column":null}},{"start":{},"end":{}}],"line":210}},"s":{"0":0,"1":0,"2":0,"3":0,"4":0,"5":0,"6":0,"7":0,"8":0,"9":0,"10":0,"11":0,"12":0,"13":0,"14":0,"15":0,"16":0,"17":0,"18":0,"19":0,"20":0,"21":0,"22":0,"23":0,"24":0,"25":0,"26":4,"27":1,"28":3,"29":1,"30":2,"31":1,"32":1,"33":0,"34":0,"35":0,"36":0,"37":0,"38":0,"39":0,"40":0,"41":0,"42":0,"43":0,"44":0,"45":0,"46":0,"47":0,"48":0,"49":0,"50":0,"51":0,"52":0,"53":0,"54":0,"55":0,"56":0,"57":0,"58":0,"59":0,"60":0,"61":0,"62":0,"63":0,"64":0,"65":0,"66":0,"67":0},"f":{"0":0,"1":1,"2":1,"3":1,"4":1,"5":1,"6":1,"7":1,"8":1,"9":1,"10":1},"b":{"0":[0],"1":[0,0],"2":[0,0],"3":[0,0],"4":[0,0],"5":[1,3],"6":[1,2],"7":[1,1],"8":[0,0],"9":[0,0],"10":[0,0],"11":[0,0],"12":[0,0],"13":[0,0],"14":[0,0],"15":[0,0],"16":[0,0],"17":[0,0],"18":[0,0],"19":[0,0],"20":[0,0],"21":[0,0],"22":[0,0],"23":[0,0]},"meta":{"lastBranch":24,"lastFunction":11,"lastStatement":68,"seen":{"f:3:9:3:21":0,"b:3:31:3:33":0,"s:4:18:4:82":0,"s:5:14:5:16":1,"s:6:4:8:Infinity":2,"s:6:17:6:18":3,"s:7:8:7:Infinity":4,"s:9:4:9:Infinity":5,"f:15:17:15:34":1,"s:16:18:16:24":6,"s:17:23:24:9":7,"b:22:31:22:53:22:57:22:59":1,"b:25:8:27:Infinity:undefined:undefined:undefined:undefined":2,"s:25:8:27:Infinity":8,"s:26:12:26:Infinity":9,"s:28:8:28:Infinity":10,"f:33:17:33:29":2,"s:34:18:34:24":11,"s:35:26:35:73":12,"s:36:26:36:42":13,"s:37:23:37:80":14,"s:38:24:50:9":15,"b:51:8:53:Infinity:undefined:undefined:undefined:undefined":3,"s:51:8:53:Infinity":16,"s:52:12:52:Infinity":17,"s:54:8:59:Infinity":18,"f:61:17:61:29":3,"s:62:18:62:24":19,"s:63:26:63:42":20,"s:64:26:64:50":21,"s:65:30:65:81":22,"b:66:8:74:Infinity:undefined:undefined:undefined:undefined":4,"s:66:8:74:Infinity":23,"s:67:12:73:Infinity":24,"s:75:8:75:Infinity":25,"f:80:17:80:34":4,"b:81:8:83:Infinity:undefined:undefined:undefined:undefined":5,"s:81:8:83:Infinity":26,"s:82:12:82:Infinity":27,"b:84:8:86:Infinity:undefined:undefined:undefined:undefined":6,"s:84:8:86:Infinity":28,"s:85:12:85:Infinity":29,"b:87:8:89:Infinity:undefined:undefined:undefined:undefined":7,"s:87:8:89:Infinity":30,"s:88:12:88:Infinity":31,"s:90:8:90:Infinity":32,"f:92:17:92:30":5,"s:93:18:93:24":33,"s:94:27:107:9":34,"b:108:8:110:Infinity:undefined:undefined:undefined:undefined":8,"s:108:8:110:Infinity":35,"s:109:12:109:Infinity":36,"s:111:8:111:Infinity":37,"f:116:17:116:39":6,"s:117:18:117:24":38,"s:118:24:118:49":39,"b:118:24:118:44:118:48:118:49":9,"s:119:25:132:9":40,"b:128:18:128:Infinity:129:18:129:27":10,"b:130:36:130:45:130:48:130:58":11,"b:133:8:135:Infinity:undefined:undefined:undefined:undefined":12,"s:133:8:135:Infinity":41,"s:134:12:134:Infinity":42,"s:136:8:136:Infinity":43,"f:138:17:138:40":7,"s:139:18:139:24":44,"s:140:28:140:52":45,"s:141:23:141:60":46,"b:141:40:141:49:141:52:141:60":13,"b:142:8:152:Infinity:undefined:undefined:undefined:undefined":14,"s:142:8:152:Infinity":47,"s:143:12:151:Infinity":48,"b:147:33:147:50:147:54:147:58":15,"b:148:35:148:54:148:58:148:62":16,"s:153:8:153:Infinity":49,"f:158:17:158:29":8,"s:159:18:159:24":50,"s:160:24:164:9":51,"b:165:8:170:Infinity:undefined:undefined:undefined:undefined":17,"s:165:8:170:Infinity":52,"s:166:12:169:Infinity":53,"s:171:8:171:Infinity":54,"f:173:17:173:32":9,"s:174:18:174:24":55,"s:175:23:177:23":56,"b:176:15:176:73:177:14:177:23":18,"b:176:45:176:62:176:65:176:73":19,"s:178:24:186:9":57,"b:187:8:189:Infinity:undefined:undefined:undefined:undefined":20,"s:187:8:189:Infinity":58,"s:188:12:188:Infinity":59,"b:190:8:198:Infinity:undefined:undefined:undefined:undefined":21,"s:190:8:198:Infinity":60,"s:191:12:197:Infinity":61,"s:199:8:199:Infinity":62,"f:204:17:204:37":10,"s:205:18:205:24":63,"s:206:24:209:9":64,"b:208:24:208:43:208:47:208:71":22,"b:210:8:212:Infinity:undefined:undefined:undefined:undefined":23,"s:210:8:212:Infinity":65,"s:211:12:211:Infinity":66,"s:213:8:213:Infinity":67},"fnNames":{}}}
,"C:\\Users\\tecbu\\Desktop\\PROJECT\\Tecbunny\\tecbunnywebapp\\packages\\core\\dist\\services\\qa-deployment.service.js": {"path":"C:\\Users\\tecbu\\Desktop\\PROJECT\\Tecbunny\\tecbunnywebapp\\packages\\core\\dist\\services\\qa-deployment.service.js","statementMap":{"0":{"start":{"line":8,"column":18},"end":{"line":8,"column":24}},"1":{"start":{"line":9,"column":36},"end":{"line":11,"column":18}},"2":{"start":{"line":12,"column":30},"end":{"line":20,"column":9}},"3":{"start":{"line":21,"column":34},"end":{"line":27,"column":16}},"4":{"start":{"line":28,"column":25},"end":{"line":39,"column":75}},"5":{"start":{"line":29,"column":27},"end":{"line":29,"column":56}},"6":{"start":{"line":30,"column":27},"end":{"line":30,"column":56}},"7":{"start":{"line":31,"column":28},"end":{"line":31,"column":58}},"8":{"start":{"line":32,"column":28},"end":{"line":32,"column":58}},"9":{"start":{"line":33,"column":12},"end":{"line":33,"column":null}},"10":{"start":{"line":34,"column":12},"end":{"line":34,"column":null}},"11":{"start":{"line":35,"column":12},"end":{"line":35,"column":null}},"12":{"start":{"line":36,"column":12},"end":{"line":36,"column":null}},"13":{"start":{"line":37,"column":12},"end":{"line":37,"column":null}},"14":{"start":{"line":38,"column":12},"end":{"line":38,"column":null}},"15":{"start":{"line":40,"column":28},"end":{"line":46,"column":16}},"16":{"start":{"line":47,"column":35},"end":{"line":47,"column":94}},"17":{"start":{"line":47,"column":63},"end":{"line":47,"column":86}},"18":{"start":{"line":48,"column":40},"end":{"line":50,"column":54}},"19":{"start":{"line":51,"column":33},"end":{"line":56,"column":16}},"20":{"start":{"line":57,"column":28},"end":{"line":57,"column":123}},"21":{"start":{"line":57,"column":61},"end":{"line":57,"column":115}},"22":{"start":{"line":58,"column":33},"end":{"line":60,"column":15}},"23":{"start":{"line":61,"column":33},"end":{"line":67,"column":9}},"24":{"start":{"line":68,"column":8},"end":{"line":77,"column":null}},"25":{"start":{"line":83,"column":18},"end":{"line":83,"column":24}},"26":{"start":{"line":84,"column":24},"end":{"line":87,"column":9}},"27":{"start":{"line":88,"column":8},"end":{"line":90,"column":null}},"28":{"start":{"line":89,"column":12},"end":{"line":89,"column":null}},"29":{"start":{"line":91,"column":8},"end":{"line":91,"column":null}},"30":{"start":{"line":94,"column":28},"end":{"line":94,"column":59}},"31":{"start":{"line":95,"column":24},"end":{"line":95,"column":26}},"32":{"start":{"line":96,"column":33},"end":{"line":96,"column":146}},"33":{"start":{"line":96,"column":63},"end":{"line":96,"column":145}},"34":{"start":{"line":97,"column":8},"end":{"line":99,"column":null}},"35":{"start":{"line":98,"column":12},"end":{"line":98,"column":null}},"36":{"start":{"line":100,"column":8},"end":{"line":102,"column":null}},"37":{"start":{"line":101,"column":12},"end":{"line":101,"column":null}},"38":{"start":{"line":103,"column":8},"end":{"line":105,"column":null}},"39":{"start":{"line":104,"column":12},"end":{"line":104,"column":null}},"40":{"start":{"line":106,"column":8},"end":{"line":109,"column":null}},"41":{"start":{"line":115,"column":18},"end":{"line":115,"column":24}},"42":{"start":{"line":116,"column":24},"end":{"line":119,"column":9}},"43":{"start":{"line":120,"column":8},"end":{"line":122,"column":null}},"44":{"start":{"line":121,"column":12},"end":{"line":121,"column":null}},"45":{"start":{"line":123,"column":8},"end":{"line":123,"column":null}},"46":{"start":{"line":126,"column":27},"end":{"line":126,"column":29}},"47":{"start":{"line":127,"column":8},"end":{"line":129,"column":null}},"48":{"start":{"line":128,"column":12},"end":{"line":128,"column":null}},"49":{"start":{"line":130,"column":8},"end":{"line":132,"column":null}},"50":{"start":{"line":131,"column":12},"end":{"line":131,"column":null}},"51":{"start":{"line":133,"column":8},"end":{"line":135,"column":null}},"52":{"start":{"line":134,"column":12},"end":{"line":134,"column":null}},"53":{"start":{"line":136,"column":8},"end":{"line":139,"column":null}},"54":{"start":{"line":145,"column":18},"end":{"line":145,"column":24}},"55":{"start":{"line":146,"column":27},"end":{"line":155,"column":9}},"56":{"start":{"line":156,"column":8},"end":{"line":158,"column":null}},"57":{"start":{"line":157,"column":12},"end":{"line":157,"column":null}},"58":{"start":{"line":159,"column":8},"end":{"line":159,"column":null}},"59":{"start":{"line":162,"column":18},"end":{"line":162,"column":24}},"60":{"start":{"line":163,"column":28},"end":{"line":163,"column":52}},"61":{"start":{"line":164,"column":23},"end":{"line":164,"column":60}},"62":{"start":{"line":165,"column":8},"end":{"line":174,"column":null}},"63":{"start":{"line":166,"column":12},"end":{"line":173,"column":null}},"64":{"start":{"line":175,"column":8},"end":{"line":175,"column":null}},"65":{"start":{"line":178,"column":18},"end":{"line":178,"column":24}},"66":{"start":{"line":179,"column":25},"end":{"line":188,"column":9}},"67":{"start":{"line":189,"column":8},"end":{"line":191,"column":null}},"68":{"start":{"line":190,"column":12},"end":{"line":190,"column":null}},"69":{"start":{"line":192,"column":8},"end":{"line":197,"column":null}},"70":{"start":{"line":193,"column":12},"end":{"line":196,"column":null}},"71":{"start":{"line":198,"column":8},"end":{"line":198,"column":null}},"72":{"start":{"line":201,"column":18},"end":{"line":201,"column":24}},"73":{"start":{"line":202,"column":24},"end":{"line":202,"column":71}},"74":{"start":{"line":202,"column":56},"end":{"line":202,"column":70}},"75":{"start":{"line":203,"column":24},"end":{"line":207,"column":9}},"76":{"start":{"line":208,"column":8},"end":{"line":213,"column":null}},"77":{"start":{"line":209,"column":12},"end":{"line":212,"column":null}},"78":{"start":{"line":214,"column":8},"end":{"line":214,"column":null}},"79":{"start":{"line":220,"column":18},"end":{"line":220,"column":24}},"80":{"start":{"line":221,"column":24},"end":{"line":224,"column":9}},"81":{"start":{"line":225,"column":8},"end":{"line":227,"column":null}},"82":{"start":{"line":226,"column":12},"end":{"line":226,"column":null}},"83":{"start":{"line":228,"column":8},"end":{"line":228,"column":null}},"84":{"start":{"line":231,"column":18},"end":{"line":231,"column":24}},"85":{"start":{"line":232,"column":24},"end":{"line":235,"column":9}},"86":{"start":{"line":236,"column":8},"end":{"line":238,"column":null}},"87":{"start":{"line":237,"column":12},"end":{"line":237,"column":null}},"88":{"start":{"line":239,"column":8},"end":{"line":239,"column":null}}},"fnMap":{"0":{"name":"getReleaseDashboardSnapshot","decl":{"start":{"line":7,"column":17},"end":{"line":7,"column":44}},"loc":{"start":{"line":7,"column":47},"end":{"line":78,"column":null}},"line":7},"1":{"name":"(anonymous_1)","decl":{"start":{"line":28,"column":50},"end":{"line":28,"column":51}},"loc":{"start":{"line":28,"column":64},"end":{"line":39,"column":9}},"line":28},"2":{"name":"(anonymous_2)","decl":{"start":{"line":47,"column":54},"end":{"line":47,"column":55}},"loc":{"start":{"line":47,"column":63},"end":{"line":47,"column":86}},"line":47},"3":{"name":"(anonymous_3)","decl":{"start":{"line":57,"column":52},"end":{"line":57,"column":53}},"loc":{"start":{"line":57,"column":61},"end":{"line":57,"column":115}},"line":57},"4":{"name":"recordTestExecution","decl":{"start":{"line":82,"column":17},"end":{"line":82,"column":36}},"loc":{"start":{"line":82,"column":45},"end":{"line":92,"column":null}},"line":82},"5":{"name":"evaluateQualityGate","decl":{"start":{"line":93,"column":11},"end":{"line":93,"column":30}},"loc":{"start":{"line":93,"column":39},"end":{"line":110,"column":null}},"line":93},"6":{"name":"(anonymous_6)","decl":{"start":{"line":96,"column":56},"end":{"line":96,"column":57}},"loc":{"start":{"line":96,"column":63},"end":{"line":96,"column":145}},"line":96},"7":{"name":"recordPerformanceMetric","decl":{"start":{"line":114,"column":17},"end":{"line":114,"column":40}},"loc":{"start":{"line":114,"column":49},"end":{"line":124,"column":null}},"line":114},"8":{"name":"evaluatePerformanceTargets","decl":{"start":{"line":125,"column":11},"end":{"line":125,"column":37}},"loc":{"start":{"line":125,"column":46},"end":{"line":140,"column":null}},"line":125},"9":{"name":"createDeploymentRecord","decl":{"start":{"line":144,"column":17},"end":{"line":144,"column":39}},"loc":{"start":{"line":144,"column":48},"end":{"line":160,"column":null}},"line":144},"10":{"name":"completeDeployment","decl":{"start":{"line":161,"column":17},"end":{"line":161,"column":35}},"loc":{"start":{"line":161,"column":44},"end":{"line":176,"column":null}},"line":161},"11":{"name":"rollbackDeployment","decl":{"start":{"line":177,"column":17},"end":{"line":177,"column":35}},"loc":{"start":{"line":177,"column":44},"end":{"line":199,"column":null}},"line":177},"12":{"name":"approveGoLive","decl":{"start":{"line":200,"column":17},"end":{"line":200,"column":30}},"loc":{"start":{"line":200,"column":42},"end":{"line":215,"column":null}},"line":200},"13":{"name":"(anonymous_13)","decl":{"start":{"line":202,"column":46},"end":{"line":202,"column":47}},"loc":{"start":{"line":202,"column":56},"end":{"line":202,"column":70}},"line":202},"14":{"name":"recordMonitoringEvent","decl":{"start":{"line":219,"column":17},"end":{"line":219,"column":38}},"loc":{"start":{"line":219,"column":46},"end":{"line":229,"column":null}},"line":219},"15":{"name":"createHypercareTicket","decl":{"start":{"line":230,"column":17},"end":{"line":230,"column":38}},"loc":{"start":{"line":230,"column":47},"end":{"line":240,"column":null}},"line":230}},"branchMap":{"0":{"loc":{"start":{"line":9,"column":36},"end":{"line":11,"column":18}},"type":"cond-expr","locations":[{"start":{"line":10,"column":14},"end":{"line":10,"column":null}},{"start":{"line":11,"column":14},"end":{"line":11,"column":18}}],"line":9},"1":{"loc":{"start":{"line":12,"column":30},"end":{"line":20,"column":9}},"type":"binary-expr","locations":[{"start":{"line":12,"column":30},"end":{"line":12,"column":49}},{"start":{"line":12,"column":53},"end":{"line":20,"column":9}}],"line":12},"2":{"loc":{"start":{"line":21,"column":34},"end":{"line":27,"column":16}},"type":"cond-expr","locations":[{"start":{"line":22,"column":14},"end":{"line":26,"column":null}},{"start":{"line":27,"column":14},"end":{"line":27,"column":16}}],"line":21},"3":{"loc":{"start":{"line":23,"column":23},"end":{"line":23,"column":89}},"type":"cond-expr","locations":[{"start":{"line":23,"column":45},"end":{"line":23,"column":77}},{"start":{"line":23,"column":80},"end":{"line":23,"column":89}}],"line":23},"4":{"loc":{"start":{"line":29,"column":34},"end":{"line":29,"column":55}},"type":"binary-expr","locations":[{"start":{"line":29,"column":34},"end":{"line":29,"column":50}},{"start":{"line":29,"column":54},"end":{"line":29,"column":55}}],"line":29},"5":{"loc":{"start":{"line":30,"column":34},"end":{"line":30,"column":55}},"type":"binary-expr","locations":[{"start":{"line":30,"column":34},"end":{"line":30,"column":50}},{"start":{"line":30,"column":54},"end":{"line":30,"column":55}}],"line":30},"6":{"loc":{"start":{"line":31,"column":35},"end":{"line":31,"column":57}},"type":"binary-expr","locations":[{"start":{"line":31,"column":35},"end":{"line":31,"column":52}},{"start":{"line":31,"column":56},"end":{"line":31,"column":57}}],"line":31},"7":{"loc":{"start":{"line":32,"column":35},"end":{"line":32,"column":57}},"type":"binary-expr","locations":[{"start":{"line":32,"column":35},"end":{"line":32,"column":52}},{"start":{"line":32,"column":56},"end":{"line":32,"column":57}}],"line":32},"8":{"loc":{"start":{"line":40,"column":28},"end":{"line":46,"column":16}},"type":"cond-expr","locations":[{"start":{"line":41,"column":14},"end":{"line":45,"column":null}},{"start":{"line":46,"column":14},"end":{"line":46,"column":16}}],"line":40},"9":{"loc":{"start":{"line":48,"column":40},"end":{"line":50,"column":54}},"type":"cond-expr","locations":[{"start":{"line":49,"column":14},"end":{"line":49,"column":null}},{"start":{"line":50,"column":14},"end":{"line":50,"column":54}}],"line":48},"10":{"loc":{"start":{"line":51,"column":33},"end":{"line":56,"column":16}},"type":"cond-expr","locations":[{"start":{"line":52,"column":14},"end":{"line":55,"column":null}},{"start":{"line":56,"column":14},"end":{"line":56,"column":16}}],"line":51},"11":{"loc":{"start":{"line":57,"column":61},"end":{"line":57,"column":115}},"type":"binary-expr","locations":[{"start":{"line":57,"column":61},"end":{"line":57,"column":84}},{"start":{"line":57,"column":88},"end":{"line":57,"column":115}}],"line":57},"12":{"loc":{"start":{"line":58,"column":33},"end":{"line":60,"column":15}},"type":"cond-expr","locations":[{"start":{"line":59,"column":14},"end":{"line":59,"column":null}},{"start":{"line":60,"column":14},"end":{"line":60,"column":15}}],"line":58},"13":{"loc":{"start":{"line":62,"column":27},"end":{"line":62,"column":72}},"type":"cond-expr","locations":[{"start":{"line":62,"column":50},"end":{"line":62,"column":59}},{"start":{"line":62,"column":62},"end":{"line":62,"column":72}}],"line":62},"14":{"loc":{"start":{"line":63,"column":29},"end":{"line":63,"column":74}},"type":"cond-expr","locations":[{"start":{"line":63,"column":52},"end":{"line":63,"column":61}},{"start":{"line":63,"column":64},"end":{"line":63,"column":74}}],"line":63},"15":{"loc":{"start":{"line":64,"column":26},"end":{"line":64,"column":71}},"type":"cond-expr","locations":[{"start":{"line":64,"column":49},"end":{"line":64,"column":58}},{"start":{"line":64,"column":61},"end":{"line":64,"column":71}}],"line":64},"16":{"loc":{"start":{"line":86,"column":25},"end":{"line":86,"column":71}},"type":"binary-expr","locations":[{"start":{"line":86,"column":25},"end":{"line":86,"column":43}},{"start":{"line":86,"column":47},"end":{"line":86,"column":71}}],"line":86},"17":{"loc":{"start":{"line":88,"column":8},"end":{"line":90,"column":null}},"type":"if","locations":[{"start":{"line":88,"column":8},"end":{"line":90,"column":null}},{"start":{},"end":{}}],"line":88},"18":{"loc":{"start":{"line":94,"column":28},"end":{"line":94,"column":59}},"type":"binary-expr","locations":[{"start":{"line":94,"column":28},"end":{"line":94,"column":53}},{"start":{"line":94,"column":57},"end":{"line":94,"column":59}}],"line":94},"19":{"loc":{"start":{"line":96,"column":63},"end":{"line":96,"column":145}},"type":"binary-expr","locations":[{"start":{"line":96,"column":63},"end":{"line":96,"column":100}},{"start":{"line":96,"column":104},"end":{"line":96,"column":145}}],"line":96},"20":{"loc":{"start":{"line":97,"column":8},"end":{"line":99,"column":null}},"type":"if","locations":[{"start":{"line":97,"column":8},"end":{"line":99,"column":null}},{"start":{},"end":{}}],"line":97},"21":{"loc":{"start":{"line":100,"column":8},"end":{"line":102,"column":null}},"type":"if","locations":[{"start":{"line":100,"column":8},"end":{"line":102,"column":null}},{"start":{},"end":{}}],"line":100},"22":{"loc":{"start":{"line":103,"column":8},"end":{"line":105,"column":null}},"type":"if","locations":[{"start":{"line":103,"column":8},"end":{"line":105,"column":null}},{"start":{},"end":{}}],"line":103},"23":{"loc":{"start":{"line":118,"column":25},"end":{"line":118,"column":71}},"type":"binary-expr","locations":[{"start":{"line":118,"column":25},"end":{"line":118,"column":43}},{"star
[...]
,"C:\\Users\\tecbu\\Desktop\\PROJECT\\Tecbunny\\tecbunnywebapp\\packages\\core\\src\\services\\superadmin-config.service.ts": {"path":"C:\\Users\\tecbu\\Desktop\\PROJECT\\Tecbunny\\tecbunnywebapp\\packages\\core\\src\\services\\superadmin-config.service.ts","statementMap":{"0":{"start":{"line":9,"column":4},"end":{"line":17,"column":null}},"1":{"start":{"line":28,"column":14},"end":{"line":28,"column":null}},"2":{"start":{"line":30,"column":4},"end":{"line":39,"column":null}},"3":{"start":{"line":31,"column":19},"end":{"line":37,"column":null}},"4":{"start":{"line":38,"column":6},"end":{"line":38,"column":null}},"5":{"start":{"line":41,"column":4},"end":{"line":41,"column":null}},"6":{"start":{"line":56,"column":14},"end":{"line":56,"column":null}},"7":{"start":{"line":57,"column":22},"end":{"line":57,"column":null}},"8":{"start":{"line":59,"column":24},"end":{"line":68,"column":null}},"9":{"start":{"line":70,"column":20},"end":{"line":70,"column":null}},"10":{"start":{"line":71,"column":4},"end":{"line":71,"column":null}},"11":{"start":{"line":73,"column":24},"end":{"line":84,"column":null}},"12":{"start":{"line":86,"column":4},"end":{"line":88,"column":null}},"13":{"start":{"line":87,"column":6},"end":{"line":87,"column":null}},"14":{"start":{"line":90,"column":4},"end":{"line":92,"column":null}},"15":{"start":{"line":91,"column":6},"end":{"line":91,"column":null}},"16":{"start":{"line":94,"column":4},"end":{"line":94,"column":null}},"17":{"start":{"line":108,"column":14},"end":{"line":108,"column":null}},"18":{"start":{"line":110,"column":23},"end":{"line":118,"column":null}},"19":{"start":{"line":120,"column":4},"end":{"line":122,"column":null}},"20":{"start":{"line":121,"column":6},"end":{"line":121,"column":null}},"21":{"start":{"line":124,"column":4},"end":{"line":124,"column":null}}},"fnMap":{"0":{"name":"getInfrastructureHealth","decl":{"start":{"line":8,"column":9},"end":{"line":8,"column":57}},"loc":{"start":{"line":8,"column":57},"end":{"line":18,"column":null}},"line":8},"1":{"name":"isFeatureEnabled","decl":{"start":{"line":23,"column":15},"end":{"line":23,"column":32}},"loc":{"start":{"line":27,"column":23},"end":{"line":42,"column":null}},"line":27},"2":{"name":"createCompanyWithLicense","decl":{"start":{"line":47,"column":15},"end":{"line":47,"column":40}},"loc":{"start":{"line":55,"column":5},"end":{"line":95,"column":null}},"line":55},"3":{"name":"setMaintenanceMode","decl":{"start":{"line":100,"column":15},"end":{"line":100,"column":34}},"loc":{"start":{"line":107,"column":5},"end":{"line":125,"column":null}},"line":107}},"branchMap":{"0":{"loc":{"start":{"line":30,"column":4},"end":{"line":39,"column":null}},"type":"if","locations":[{"start":{"line":30,"column":4},"end":{"line":39,"column":null}},{"start":{},"end":{}}],"line":30},"1":{"loc":{"start":{"line":34,"column":17},"end":{"line":34,"column":null}},"type":"binary-expr","locations":[{"start":{"line":34,"column":17},"end":{"line":34,"column":33}},{"start":{"line":34,"column":33},"end":{"line":34,"column":null}}],"line":34},"2":{"loc":{"start":{"line":35,"column":21},"end":{"line":35,"column":null}},"type":"binary-expr","locations":[{"start":{"line":35,"column":21},"end":{"line":35,"column":40}},{"start":{"line":35,"column":40},"end":{"line":35,"column":null}}],"line":35},"3":{"loc":{"start":{"line":38,"column":13},"end":{"line":38,"column":null}},"type":"cond-expr","locations":[{"start":{"line":38,"column":20},"end":{"line":38,"column":38}},{"start":{"line":38,"column":38},"end":{"line":38,"column":null}}],"line":38},"4":{"loc":{"start":{"line":86,"column":4},"end":{"line":88,"column":null}},"type":"if","locations":[{"start":{"line":86,"column":4},"end":{"line":88,"column":null}},{"start":{},"end":{}}],"line":86},"5":{"loc":{"start":{"line":90,"column":4},"end":{"line":92,"column":null}},"type":"if","locations":[{"start":{"line":90,"column":4},"end":{"line":92,"column":null}},{"start":{},"end":{}}],"line":90},"6":{"loc":{"start":{"line":113,"column":17},"end":{"line":113,"column":null}},"type":"binary-expr","locations":[{"start":{"line":113,"column":17},"end":{"line":113,"column":36}},{"start":{"line":113,"column":36},"end":{"line":113,"column":null}}],"line":113},"7":{"loc":{"start":{"line":120,"column":4},"end":{"line":122,"column":null}},"type":"if","locations":[{"start":{"line":120,"column":4},"end":{"line":122,"column":null}},{"start":{},"end":{}}],"line":120}},"s":{"0":0,"1":0,"2":0,"3":0,"4":0,"5":0,"6":0,"7":0,"8":0,"9":0,"10":0,"11":0,"12":0,"13":0,"14":0,"15":0,"16":0,"17":0,"18":0,"19":0,"20":0,"21":0},"f":{"0":1,"1":1,"2":1,"3":1},"b":{"0":[0,0],"1":[0,0],"2":[0,0],"3":[0,0],"4":[0,0],"5":[0,0],"6":[0,0],"7":[0,0]},"meta":{"lastBranch":8,"lastFunction":4,"lastStatement":22,"seen":{"f:8:9:8:57":0,"s:9:4:17:Infinity":0,"f:23:15:23:32":1,"s:28:14:28:Infinity":1,"b:30:4:39:Infinity:undefined:undefined:undefined:undefined":0,"s:30:4:39:Infinity":2,"s:31:19:37:Infinity":3,"b:34:17:34:33:34:33:34:Infinity":1,"b:35:21:35:40:35:40:35:Infinity":2,"s:38:6:38:Infinity":4,"b:38:20:38:38:38:38:38:Infinity":3,"s:41:4:41:Infinity":5,"f:47:15:47:40":2,"s:56:14:56:Infinity":6,"s:57:22:57:Infinity":7,"s:59:24:68:Infinity":8,"s:70:20:70:Infinity":9,"s:71:4:71:Infinity":10,"s:73:24:84:Infinity":11,"b:86:4:88:Infinity:undefined:undefined:undefined:undefined":4,"s:86:4:88:Infinity":12,"s:87:6:87:Infinity":13,"b:90:4:92:Infinity:undefined:undefined:undefined:undefined":5,"s:90:4:92:Infinity":14,"s:91:6:91:Infinity":15,"s:94:4:94:Infinity":16,"f:100:15:100:34":3,"s:108:14:108:Infinity":17,"s:110:23:118:Infinity":18,"b:113:17:113:36:113:36:113:Infinity":6,"b:120:4:122:Infinity:undefined:undefined:undefined:undefined":7,"s:120:4:122:Infinity":19,"s:121:6:121:Infinity":20,"s:124:4:124:Infinity":21},"fnNames":{}}}
,"C:\\Users\\tecbu\\Desktop\\PROJECT\\Tecbunny\\tecbunnywebapp\\packages\\core\\src\\services\\workflow-automation.service.ts": {"path":"C:\\Users\\tecbu\\Desktop\\PROJECT\\Tecbunny\\tecbunnywebapp\\packages\\core\\src\\services\\workflow-automation.service.ts","statementMap":{"0":{"start":{"line":12,"column":14},"end":{"line":12,"column":null}},"1":{"start":{"line":14,"column":28},"end":{"line":20,"column":null}},"2":{"start":{"line":22,"column":4},"end":{"line":24,"column":null}},"3":{"start":{"line":23,"column":6},"end":{"line":23,"column":null}},"4":{"start":{"line":27,"column":28},"end":{"line":27,"column":null}},"5":{"start":{"line":29,"column":4},"end":{"line":37,"column":null}},"6":{"start":{"line":30,"column":6},"end":{"line":36,"column":null}},"7":{"start":{"line":39,"column":4},"end":{"line":44,"column":null}},"8":{"start":{"line":51,"column":30},"end":{"line":51,"column":null}},"9":{"start":{"line":53,"column":4},"end":{"line":65,"column":null}},"10":{"start":{"line":55,"column":8},"end":{"line":55,"column":null}},"11":{"start":{"line":56,"column":8},"end":{"line":56,"column":null}},"12":{"start":{"line":58,"column":8},"end":{"line":58,"column":null}},"13":{"start":{"line":59,"column":8},"end":{"line":59,"column":null}},"14":{"start":{"line":61,"column":8},"end":{"line":61,"column":null}},"15":{"start":{"line":62,"column":8},"end":{"line":62,"column":null}},"16":{"start":{"line":64,"column":8},"end":{"line":64,"column":null}},"17":{"start":{"line":67,"column":4},"end":{"line":67,"column":null}},"18":{"start":{"line":79,"column":4},"end":{"line":96,"column":null}},"19":{"start":{"line":81,"column":6},"end":{"line":87,"column":null}},"20":{"start":{"line":89,"column":6},"end":{"line":95,"column":null}}},"fnMap":{"0":{"name":"triggerEvent","decl":{"start":{"line":8,"column":15},"end":{"line":8,"column":28}},"loc":{"start":{"line":11,"column":5},"end":{"line":45,"column":null}},"line":11},"1":{"name":"evaluateAndExecuteActions","decl":{"start":{"line":50,"column":23},"end":{"line":50,"column":49}},"loc":{"start":{"line":50,"column":94},"end":{"line":68,"column":null}},"line":50},"2":{"name":"dispatchWebhook","decl":{"start":{"line":73,"column":15},"end":{"line":73,"column":31}},"loc":{"start":{"line":78,"column":5},"end":{"line":97,"column":null}},"line":78}},"branchMap":{"0":{"loc":{"start":{"line":22,"column":4},"end":{"line":24,"column":null}},"type":"if","locations":[{"start":{"line":22,"column":4},"end":{"line":24,"column":null}},{"start":{},"end":{}}],"line":22},"1":{"loc":{"start":{"line":29,"column":4},"end":{"line":37,"column":null}},"type":"if","locations":[{"start":{"line":29,"column":4},"end":{"line":37,"column":null}},{"start":{},"end":{}}],"line":29},"2":{"loc":{"start":{"line":53,"column":4},"end":{"line":65,"column":null}},"type":"switch","locations":[{"start":{"line":54,"column":6},"end":{"line":56,"column":null}},{"start":{"line":57,"column":6},"end":{"line":59,"column":null}},{"start":{"line":60,"column":6},"end":{"line":62,"column":null}},{"start":{"line":63,"column":6},"end":{"line":64,"column":null}}],"line":53}},"s":{"0":0,"1":0,"2":0,"3":0,"4":0,"5":0,"6":0,"7":0,"8":0,"9":0,"10":0,"11":0,"12":0,"13":0,"14":0,"15":0,"16":0,"17":0,"18":0,"19":0,"20":0},"f":{"0":1,"1":1,"2":1},"b":{"0":[0,0],"1":[0,0],"2":[0,0,0,0]},"meta":{"lastBranch":3,"lastFunction":3,"lastStatement":21,"seen":{"f:8:15:8:28":0,"s:12:14:12:Infinity":0,"s:14:28:20:Infinity":1,"b:22:4:24:Infinity:undefined:undefined:undefined:undefined":0,"s:22:4:24:Infinity":2,"s:23:6:23:Infinity":3,"s:27:28:27:Infinity":4,"b:29:4:37:Infinity:undefined:undefined:undefined:undefined":1,"s:29:4:37:Infinity":5,"s:30:6:36:Infinity":6,"s:39:4:44:Infinity":7,"f:50:23:50:49":1,"s:51:30:51:Infinity":8,"b:54:6:56:Infinity:57:6:59:Infinity:60:6:62:Infinity:63:6:64:Infinity":2,"s:53:4:65:Infinity":9,"s:55:8:55:Infinity":10,"s:56:8:56:Infinity":11,"s:58:8:58:Infinity":12,"s:59:8:59:Infinity":13,"s:61:8:61:Infinity":14,"s:62:8:62:Infinity":15,"s:64:8:64:Infinity":16,"s:67:4:67:Infinity":17,"f:73:15:73:31":2,"s:79:4:96:Infinity":18,"s:81:6:87:Infinity":19,"s:89:6:95:Infinity":20},"fnNames":{}}}
,"C:\\Users\\tecbu\\Desktop\\PROJECT\\Tecbunny\\tecbunnywebapp\\packages\\core\\src\\store\\globalDrawerStore.ts": {"path":"C:\\Users\\tecbu\\Desktop\\PROJECT\\Tecbunny\\tecbunnywebapp\\packages\\core\\src\\store\\globalDrawerStore.ts","statementMap":{"0":{"start":{"line":14,"column":31},"end":{"line":22,"column":null}},"1":{"start":{"line":14,"column":67},"end":{"line":22,"column":2}},"2":{"start":{"line":20,"column":47},"end":{"line":20,"column":null}},"3":{"start":{"line":21,"column":21},"end":{"line":21,"column":null}}},"fnMap":{"0":{"name":"(anonymous_0)","decl":{"start":{"line":14,"column":31},"end":{"line":14,"column":58}},"loc":{"start":{"line":14,"column":67},"end":{"line":22,"column":2}},"line":14},"1":{"name":"(anonymous_1)","decl":{"start":{"line":20,"column":2},"end":{"line":20,"column":15}},"loc":{"start":{"line":20,"column":47},"end":{"line":20,"column":null}},"line":20},"2":{"name":"(anonymous_2)","decl":{"start":{"line":21,"column":2},"end":{"line":21,"column":21}},"loc":{"start":{"line":21,"column":21},"end":{"line":21,"column":null}},"line":21}},"branchMap":{"0":{"loc":{"start":{"line":20,"column":31},"end":{"line":20,"column":47}},"type":"default-arg","locations":[{"start":{"line":20,"column":38},"end":{"line":20,"column":47}}],"line":20}},"s":{"0":1,"1":1,"2":0,"3":0},"f":{"0":1,"1":0,"2":0},"b":{"0":[0]},"meta":{"lastBranch":1,"lastFunction":3,"lastStatement":4,"seen":{"s:14:31:22:Infinity":0,"f:14:31:14:58":0,"s:14:67:22:2":1,"f:20:2:20:15":1,"s:20:47:20:Infinity":2,"b:20:38:20:47":0,"f:21:2:21:21":2,"s:21:21:21:Infinity":3},"fnNames":{}}}
,"C:\\Users\\tecbu\\Desktop\\PROJECT\\Tecbunny\\tecbunnywebapp\\packages\\core\\src\\types\\lead.ts": {"path":"C:\\Users\\tecbu\\Desktop\\PROJECT\\Tecbunny\\tecbunnywebapp\\packages\\core\\src\\types\\lead.ts","statementMap":{"0":{"start":{"line":5,"column":7},"end":{"line":16,"column":null}},"1":{"start":{"line":6,"column":2},"end":{"line":6,"column":null}},"2":{"start":{"line":7,"column":2},"end":{"line":7,"column":null}},"3":{"start":{"line":8,"column":2},"end":{"line":8,"column":null}},"4":{"start":{"line":9,"column":2},"end":{"line":9,"column":null}},"5":{"start":{"line":10,"column":2},"end":{"line":10,"column":null}},"6":{"start":{"line":11,"column":2},"end":{"line":11,"column":null}},"7":{"start":{"line":12,"column":2},"end":{"line":12,"column":null}},"8":{"start":{"line":13,"column":2},"end":{"line":13,"column":null}},"9":{"start":{"line":14,"column":2},"end":{"line":14,"column":null}},"10":{"start":{"line":15,"column":2},"end":{"line":15,"column":null}},"11":{"start":{"line":18,"column":7},"end":{"line":22,"column":null}},"12":{"start":{"line":19,"column":2},"end":{"line":19,"column":null}},"13":{"start":{"line":20,"column":2},"end":{"line":20,"column":null}},"14":{"start":{"line":21,"column":2},"end":{"line":21,"column":null}},"15":{"start":{"line":24,"column":7},"end":{"line":32,"column":null}},"16":{"start":{"line":25,"column":2},"end":{"line":25,"column":null}},"17":{"start":{"line":26,"column":2},"end":{"line":26,"column":null}},"18":{"start":{"line":27,"column":2},"end":{"line":27,"column":null}},"19":{"start":{"line":28,"column":2},"end":{"line":28,"column":null}},"20":{"start":{"line":29,"column":2},"end":{"line":29,"column":null}},"21":{"start":{"line":30,"column":2},"end":{"line":30,"column":null}},"22":{"start":{"line":31,"column":2},"end":{"line":31,"column":null}},"23":{"start":{"line":71,"column":2},"end":{"line":71,"column":null}},"24":{"start":{"line":71,"column":14},"end":{"line":71,"column":null}},"25":{"start":{"line":73,"column":21},"end":{"line":73,"column":null}},"26":{"start":{"line":76,"column":2},"end":{"line":78,"column":null}},"27":{"start":{"line":77,"column":4},"end":{"line":77,"column":null}},"28":{"start":{"line":81,"column":47},"end":{"line":102,"column":null}},"29":{"start":{"line":104,"column":2},"end":{"line":104,"column":null}}},"fnMap":{"0":{"name":"(anonymous_0)","decl":{"start":{"line":5,"column":7},"end":{"line":5,"column":12}},"loc":{"start":{"line":5,"column":7},"end":{"line":16,"column":null}},"line":5},"1":{"name":"(anonymous_1)","decl":{"start":{"line":18,"column":7},"end":{"line":18,"column":12}},"loc":{"start":{"line":18,"column":7},"end":{"line":22,"column":null}},"line":18},"2":{"name":"(anonymous_2)","decl":{"start":{"line":24,"column":7},"end":{"line":24,"column":12}},"loc":{"start":{"line":24,"column":7},"end":{"line":32,"column":null}},"line":24},"3":{"name":"validateLeadSource","decl":{"start":{"line":70,"column":16},"end":{"line":70,"column":35}},"loc":{"start":{"line":70,"column":77},"end":{"line":105,"column":null}},"line":70}},"branchMap":{"0":{"loc":{"start":{"line":71,"column":2},"end":{"line":71,"column":null}},"type":"if","locations":[{"start":{"line":71,"column":2},"end":{"line":71,"column":null}},{"start":{},"end":{}}],"line":71},"1":{"loc":{"start":{"line":76,"column":2},"end":{"line":78,"column":null}},"type":"if","locations":[{"start":{"line":76,"column":2},"end":{"line":78,"column":null}},{"start":{},"end":{}}],"line":76},"2":{"loc":{"start":{"line":104,"column":9},"end":{"line":104,"column":null}},"type":"binary-expr","locations":[{"start":{"line":104,"column":9},"end":{"line":104,"column":33}},{"start":{"line":104,"column":33},"end":{"line":104,"column":null}}],"line":104}},"s":{"0":2,"1":2,"2":2,"3":2,"4":2,"5":2,"6":2,"7":2,"8":2,"9":2,"10":2,"11":2,"12":2,"13":2,"14":2,"15":2,"16":2,"17":2,"18":2,"19":2,"20":2,"21":2,"22":2,"23":6,"24":0,"25":6,"26":6,"27":5,"28":1,"29":1},"f":{"0":2,"1":2,"2":2,"3":6},"b":{"0":[0,6],"1":[5,1],"2":[1,0]},"meta":{"lastBranch":3,"lastFunction":4,"lastStatement":30,"seen":{"s:5:7:16:Infinity":0,"f:5:7:5:12":0,"s:6:2:6:Infinity":1,"s:7:2:7:Infinity":2,"s:8:2:8:Infinity":3,"s:9:2:9:Infinity":4,"s:10:2:10:Infinity":5,"s:11:2:11:Infinity":6,"s:12:2:12:Infinity":7,"s:13:2:13:Infinity":8,"s:14:2:14:Infinity":9,"s:15:2:15:Infinity":10,"s:18:7:22:Infinity":11,"f:18:7:18:12":1,"s:19:2:19:Infinity":12,"s:20:2:20:Infinity":13,"s:21:2:21:Infinity":14,"s:24:7:32:Infinity":15,"f:24:7:24:12":2,"s:25:2:25:Infinity":16,"s:26:2:26:Infinity":17,"s:27:2:27:Infinity":18,"s:28:2:28:Infinity":19,"s:29:2:29:Infinity":20,"s:30:2:30:Infinity":21,"s:31:2:31:Infinity":22,"f:70:16:70:35":3,"b:71:2:71:Infinity:undefined:undefined:undefined:undefined":0,"s:71:2:71:Infinity":23,"s:71:14:71:Infinity":24,"s:73:21:73:Infinity":25,"b:76:2:78:Infinity:undefined:undefined:undefined:undefined":1,"s:76:2:78:Infinity":26,"s:77:4:77:Infinity":27,"s:81:47:102:Infinity":28,"s:104:2:104:Infinity":29,"b:104:9:104:33:104:33:104:Infinity":2},"fnNames":{}}}
,"C:\\Users\\tecbu\\Desktop\\PROJECT\\Tecbunny\\tecbunnywebapp\\packages\\core\\src\\validation\\checkout.ts": {"path":"C:\\Users\\tecbu\\Desktop\\PROJECT\\Tecbunny\\tecbunnywebapp\\packages\\core\\src\\validation\\checkout.ts","statementMap":{"0":{"start":{"line":3,"column":30},"end":{"line":23,"column":null}},"1":{"start":{"line":13,"column":21},"end":{"line":13,"column":49}}},"fnMap":{"0":{"name":"(anonymous_0)","decl":{"start":{"line":13,"column":5},"end":{"line":13,"column":13}},"loc":{"start":{"line":13,"column":21},"end":{"line":13,"column":49}},"line":13}},"branchMap":{},"s":{"0":1,"1":0},"f":{"0":0},"b":{},"meta":{"lastBranch":0,"lastFunction":1,"lastStatement":2,"seen":{"s:3:30:23:Infinity":0,"f:13:5:13:13":0,"s:13:21:13:49":1},"fnNames":{}}}
,"C:\\Users\\tecbu\\Desktop\\PROJECT\\Tecbunny\\tecbunnywebapp\\packages\\core\\src\\validation\\index.ts": {"path":"C:\\Users\\tecbu\\Desktop\\PROJECT\\Tecbunny\\tecbunnywebapp\\packages\\core\\src\\validation\\index.ts","statementMap":{"0":{"start":{"line":13,"column":17},"end":{"line":13,"column":null}},"1":{"start":{"line":14,"column":2},"end":{"line":17,"column":null}},"2":{"start":{"line":15,"column":28},"end":{"line":15,"column":null}},"3":{"start":{"line":16,"column":4},"end":{"line":16,"column":null}},"4":{"start":{"line":18,"column":2},"end":{"line":18,"column":null}}},"fnMap":{"0":{"name":"validatePayload","decl":{"start":{"line":12,"column":16},"end":{"line":12,"column":35}},"loc":{"start":{"line":12,"column":93},"end":{"line":19,"column":null}},"line":12}},"branchMap":{"0":{"loc":{"start":{"line":14,"column":2},"end":{"line":17,"column":null}},"type":"if","locations":[{"start":{"line":14,"column":2},"end":{"line":17,"column":null}},{"start":{},"end":{}}],"line":14}},"s":{"0":0,"1":0,"2":0,"3":0,"4":0},"f":{"0":0},"b":{"0":[0,0]},"meta":{"lastBranch":1,"lastFunction":1,"lastStatement":5,"seen":{"f:12:16:12:35":0,"s:13:17:13:Infinity":0,"b:14:2:17:Infinity:undefined:undefined:undefined:undefined":0,"s:14:2:17:Infinity":1,"s:15:28:15:Infinity":2,"s:16:4:16:Infinity":3,"s:18:2:18:Infinity":4},"fnNames":{}}}
,"C:\\Users\\tecbu\\Desktop\\PROJECT\\Tecbunny\\tecbunnywebapp\\packages\\core\\src\\validation\\user.ts": {"path":"C:\\Users\\tecbu\\Desktop\\PROJECT\\Tecbunny\\tecbunnywebapp\\packages\\core\\src\\validation\\user.ts","statementMap":{"0":{"start":{"line":3,"column":30},"end":{"line":11,"column":null}},"1":{"start":{"line":13,"column":32},"end":{"line":21,"column":null}},"2":{"start":{"line":23,"column":32},"end":{"line":28,"column":null}},"3":{"start":{"line":30,"column":32},"end":{"line":34,"column":null}}},"fnMap":{},"branchMap":{},"s":{"0":1,"1":1,"2":1,"3":1},"f":{},"b":{},"meta":{"lastBranch":0,"lastFunction":0,"lastStatement":4,"seen":{"s:3:30:11:Infinity":0,"s:13:32:21:Infinity":1,"s:23:32:28:Infinity":2,"s:30:32:34:Infinity":3},"fnNames":{}}}
}
