{"total": {"lines":{"total":2421,"covered":543,"skipped":0,"pct":22.42},"statements":{"total":2594,"covered":574,"skipped":0,"pct":22.12},"functions":{"total":492,"covered":221,"skipped":0,"pct":44.91},"branches":{"total":2395,"covered":452,"skipped":0,"pct":18.87},"branchesTrue":{"total":0,"covered":0,"skipped":0,"pct":100}}
,"C:\\Users\\tecbu\\Desktop\\PROJECT\\Tecbunny\\tecbunnywebapp\\packages\\core\\dist\\indian-tax.js": {"lines":{"total":24,"covered":24,"skipped":0,"pct":100},"functions":{"total":7,"covered":7,"skipped":0,"pct":100},"statements":{"total":25,"covered":25,"skipped":0,"pct":100},"branches":{"total":20,"covered":19,"skipped":0,"pct":95}}
,"C:\\Users\\tecbu\\Desktop\\PROJECT\\Tecbunny\\tecbunnywebapp\\packages\\core\\dist\\logger.js": {"lines":{"total":7,"covered":3,"skipped":0,"pct":42.85},"functions":{"total":4,"covered":0,"skipped":0,"pct":0},"statements":{"total":7,"covered":3,"skipped":0,"pct":42.85},"branches":{"total":20,"covered":3,"skipped":0,"pct":15}}
,"C:\\Users\\tecbu\\Desktop\\PROJECT\\Tecbunny\\tecbunnywebapp\\packages\\core\\dist\\roles.js": {"lines":{"total":48,"covered":19,"skipped":0,"pct":39.58},"functions":{"total":12,"covered":3,"skipped":0,"pct":25},"statements":{"total":51,"covered":20,"skipped":0,"pct":39.21},"branches":{"total":34,"covered":3,"skipped":0,"pct":8.82}}
,"C:\\Users\\tecbu\\Desktop\\PROJECT\\Tecbunny\\tecbunnywebapp\\packages\\core\\dist\\auth\\policy.js": {"lines":{"total":48,"covered":0,"skipped":0,"pct":0},"functions":{"total":1,"covered":0,"skipped":0,"pct":0},"statements":{"total":48,"covered":0,"skipped":0,"pct":0},"branches":{"total":77,"covered":0,"skipped":0,"pct":0}}
,"C:\\Users\\tecbu\\Desktop\\PROJECT\\Tecbunny\\tecbunnywebapp\\packages\\core\\dist\\db\\prisma.js": {"lines":{"total":36,"covered":8,"skipped":0,"pct":22.22},"functions":{"total":1,"covered":0,"skipped":0,"pct":0},"statements":{"total":36,"covered":8,"skipped":0,"pct":22.22},"branches":{"total":22,"covered":6,"skipped":0,"pct":27.27}}
,"C:\\Users\\tecbu\\Desktop\\PROJECT\\Tecbunny\\tecbunnywebapp\\packages\\core\\dist\\services\\api-platform.service.js": {"lines":{"total":67,"covered":7,"skipped":0,"pct":10.44},"functions":{"total":11,"covered":10,"skipped":0,"pct":90.9},"statements":{"total":68,"covered":7,"skipped":0,"pct":10.29},"branches":{"total":47,"covered":6,"skipped":0,"pct":12.76}}
,"C:\\Users\\tecbu\\Desktop\\PROJECT\\Tecbunny\\tecbunnywebapp\\packages\\core\\dist\\services\\qa-deployment.service.js": {"lines":{"total":85,"covered":17,"skipped":0,"pct":20},"functions":{"total":16,"covered":12,"skipped":0,"pct":75},"statements":{"total":89,"covered":18,"skipped":0,"pct":20.22},"branches":{"total":82,"covered":14,"skipped":0,"pct":17.07}}
,"C:\\Users\\tecbu\\Desktop\\PROJECT\\Tecbunny\\tecbunnywebapp\\packages\\core\\src\\analytics-tracking.ts": {"lines":{"total":82,"covered":4,"skipped":0,"pct":4.87},"functions":{"total":24,"covered":0,"skipped":0,"pct":0},"statements":{"total":89,"covered":4,"skipped":0,"pct":4.49},"branches":{"total":55,"covered":0,"skipped":0,"pct":0}}
,"C:\\Users\\tecbu\\Desktop\\PROJECT\\Tecbunny\\tecbunnywebapp\\packages\\core\\src\\api-response.ts": {"lines":{"total":73,"covered":1,"skipped":0,"pct":1.36},"functions":{"total":38,"covered":15,"skipped":0,"pct":39.47},"statements":{"total":73,"covered":1,"skipped":0,"pct":1.36},"branches":{"total":49,"covered":0,"skipped":0,"pct":0}}
,"C:\\Users\\tecbu\\Desktop\\PROJECT\\Tecbunny\\tecbunnywebapp\\packages\\core\\src\\crypto-utils.ts": {"lines":{"total":5,"covered":4,"skipped":0,"pct":80},"functions":{"total":1,"covered":1,"skipped":0,"pct":100},"statements":{"total":5,"covered":4,"skipped":0,"pct":80},"branches":{"total":2,"covered":1,"skipped":0,"pct":50}}
,"C:\\Users\\tecbu\\Desktop\\PROJECT\\Tecbunny\\tecbunnywebapp\\packages\\core\\src\\enterprise-analytics-proxy.ts": {"lines":{"total":38,"covered":2,"skipped":0,"pct":5.26},"functions":{"total":11,"covered":0,"skipped":0,"pct":0},"statements":{"total":49,"covered":2,"skipped":0,"pct":4.08},"branches":{"total":52,"covered":0,"skipped":0,"pct":0}}
,"C:\\Users\\tecbu\\Desktop\\PROJECT\\Tecbunny\\tecbunnywebapp\\packages\\core\\src\\enterprise-analytics.ts": {"lines":{"total":23,"covered":0,"skipped":0,"pct":0},"functions":{"total":7,"covered":0,"skipped":0,"pct":0},"statements":{"total":23,"covered":0,"skipped":0,"pct":0},"branches":{"total":13,"covered":0,"skipped":0,"pct":0}}
,"C:\\Users\\tecbu\\Desktop\\PROJECT\\Tecbunny\\tecbunnywebapp\\packages\\core\\src\\errors.ts": {"lines":{"total":19,"covered":1,"skipped":0,"pct":5.26},"functions":{"total":12,"covered":6,"skipped":0,"pct":50},"statements":{"total":19,"covered":1,"skipped":0,"pct":5.26},"branches":{"total":10,"covered":0,"skipped":0,"pct":0}}
,"C:\\Users\\tecbu\\Desktop\\PROJECT\\Tecbunny\\tecbunnywebapp\\packages\\core\\src\\image-utils.ts": {"lines":{"total":70,"covered":0,"skipped":0,"pct":0},"functions":{"total":10,"covered":0,"skipped":0,"pct":0},"statements":{"total":77,"covered":0,"skipped":0,"pct":0},"branches":{"total":99,"covered":0,"skipped":0,"pct":0}}
,"C:\\Users\\tecbu\\Desktop\\PROJECT\\Tecbunny\\tecbunnywebapp\\packages\\core\\src\\index.ts": {"lines":{"total":0,"covered":0,"skipped":0,"pct":100},"functions":{"total":0,"covered":0,"skipped":0,"pct":100},"statements":{"total":0,"covered":0,"skipped":0,"pct":100},"branches":{"total":0,"covered":0,"skipped":0,"pct":100}}
,"C:\\Users\\tecbu\\Desktop\\PROJECT\\Tecbunny\\tecbunnywebapp\\packages\\core\\src\\indian-tax.ts": {"lines":{"total":25,"covered":25,"skipped":0,"pct":100},"functions":{"total":7,"covered":7,"skipped":0,"pct":100},"statements":{"total":25,"covered":25,"skipped":0,"pct":100},"branches":{"total":20,"covered":19,"skipped":0,"pct":95}}
,"C:\\Users\\tecbu\\Desktop\\PROJECT\\Tecbunny\\tecbunnywebapp\\packages\\core\\src\\lead-scoring.ts": {"lines":{"total":92,"covered":57,"skipped":0,"pct":61.95},"functions":{"total":10,"covered":8,"skipped":0,"pct":80},"statements":{"total":92,"covered":57,"skipped":0,"pct":61.95},"branches":{"total":107,"covered":56,"skipped":0,"pct":52.33}}
,"C:\\Users\\tecbu\\Desktop\\PROJECT\\Tecbunny\\tecbunnywebapp\\packages\\core\\src\\logger-browser.ts": {"lines":{"total":5,"covered":1,"skipped":0,"pct":20},"functions":{"total":4,"covered":0,"skipped":0,"pct":0},"statements":{"total":5,"covered":1,"skipped":0,"pct":20},"branches":{"total":8,"covered":0,"skipped":0,"pct":0}}
,"C:\\Users\\tecbu\\Desktop\\PROJECT\\Tecbunny\\tecbunnywebapp\\packages\\core\\src\\logger.ts": {"lines":{"total":0,"covered":0,"skipped":0,"pct":100},"functions":{"total":0,"covered":0,"skipped":0,"pct":100},"statements":{"total":0,"covered":0,"skipped":0,"pct":100},"branches":{"total":0,"covered":0,"skipped":0,"pct":100}}
,"C:\\Users\\tecbu\\Desktop\\PROJECT\\Tecbunny\\tecbunnywebapp\\packages\\core\\src\\offer-discount-service.ts": {"lines":{"total":223,"covered":1,"skipped":0,"pct":0.44},"functions":{"total":46,"covered":0,"skipped":0,"pct":0},"statements":{"total":228,"covered":1,"skipped":0,"pct":0.43},"branches":{"total":262,"covered":0,"skipped":0,"pct":0}}
,"C:\\Users\\tecbu\\Desktop\\PROJECT\\Tecbunny\\tecbunnywebapp\\packages\\core\\src\\order-utils.ts": {"lines":{"total":33,"covered":1,"skipped":0,"pct":3.03},"functions":{"total":8,"covered":0,"skipped":0,"pct":0},"statements":{"total":33,"covered":1,"skipped":0,"pct":3.03},"branches":{"total":24,"covered":0,"skipped":0,"pct":0}}
,"C:\\Users\\tecbu\\Desktop\\PROJECT\\Tecbunny\\tecbunnywebapp\\packages\\core\\src\\panel-routing.ts": {"lines":{"total":12,"covered":1,"skipped":0,"pct":8.33},"functions":{"total":1,"covered":0,"skipped":0,"pct":0},"statements":{"total":12,"covered":1,"skipped":0,"pct":8.33},"branches":{"total":14,"covered":0,"skipped":0,"pct":0}}
,"C:\\Users\\tecbu\\Desktop\\PROJECT\\Tecbunny\\tecbunnywebapp\\packages\\core\\src\\payu-service.ts": {"lines":{"total":45,"covered":23,"skipped":0,"pct":51.11},"functions":{"total":9,"covered":6,"skipped":0,"pct":66.66},"statements":{"total":47,"covered":24,"skipped":0,"pct":51.06},"branches":{"total":58,"covered":15,"skipped":0,"pct":25.86}}
,"C:\\Users\\tecbu\\Desktop\\PROJECT\\Tecbunny\\tecbunnywebapp\\packages\\core\\src\\permissions-client.ts": {"lines":{"total":15,"covered":0,"skipped":0,"pct":0},"functions":{"total":10,"covered":0,"skipped":0,"pct":0},"statements":{"total":20,"covered":0,"skipped":0,"pct":0},"branches":{"total":12,"covered":0,"skipped":0,"pct":0}}
,"C:\\Users\\tecbu\\Desktop\\PROJECT\\Tecbunny\\tecbunnywebapp\\packages\\core\\src\\product-visibility.ts": {"lines":{"total":47,"covered":32,"skipped":0,"pct":68.08},"functions":{"total":12,"covered":7,"skipped":0,"pct":58.33},"statements":{"total":54,"covered":35,"skipped":0,"pct":64.81},"branches":{"total":67,"covered":35,"skipped":0,"pct":52.23}}
,"C:\\Users\\tecbu\\Desktop\\PROJECT\\Tecbunny\\tecbunnywebapp\\packages\\core\\src\\roles.ts": {"lines":{"total":0,"covered":0,"skipped":0,"pct":100},"functions":{"total":0,"covered":0,"skipped":0,"pct":100},"statements":{"total":0,"covered":0,"skipped":0,"pct":100},"branches":{"total":0,"covered":0,"skipped":0,"pct":100}}
,"C:\\Users\\tecbu\\Desktop\\PROJECT\\Tecbunny\\tecbunnywebapp\\packages\\core\\src\\session-manager.ts": {"lines":{"total":123,"covered":6,"skipped":0,"pct":4.87},"functions":{"total":21,"covered":0,"skipped":0,"pct":0},"statements":{"total":128,"covered":6,"skipped":0,"pct":4.68},"branches":{"total":60,"covered":1,"skipped":0,"pct":1.66}}
,"C:\\Users\\tecbu\\Desktop\\PROJECT\\Tecbunny\\tecbunnywebapp\\packages\\core\\src\\site-url.ts": {"lines":{"total":10,"covered":0,"skipped":0,"pct":0},"functions":{"total":4,"covered":0,"skipped":0,"pct":0},"statements":{"total":14,"covered":0,"skipped":0,"pct":0},"branches":{"total":13,"covered":0,"skipped":0,"pct":0}}
,"C:\\Users\\tecbu\\Desktop\\PROJECT\\Tecbunny\\tecbunnywebapp\\packages\\core\\src\\types.ts": {"lines":{"total":0,"covered":0,"skipped":0,"pct":100},"functions":{"total":0,"covered":0,"skipped":0,"pct":100},"statements":{"total":0,"covered":0,"skipped":0,"pct":100},"branches":{"total":0,"covered":0,"skipped":0,"pct":100}}
,"C:\\Users\\tecbu\\Desktop\\PROJECT\\Tecbunny\\tecbunnywebapp\\packages\\core\\src\\utils.ts": {"lines":{"total":32,"covered":1,"skipped":0,"pct":3.12},"functions":{"total":13,"covered":0,"skipped":0,"pct":0},"statements":{"total":35,"covered":1,"skipped":0,"pct":2.85},"branches":{"total":19,"covered":0,"skipped":0,"pct":0}}
,"C:\\Users\\tecbu\\Desktop\\PROJECT\\Tecbunny\\tecbunnywebapp\\packages\\core\\src\\webhook-validator.ts": {"lines":{"total":22,"covered":18,"skipped":0,"pct":81.81},"functions":{"total":2,"covered":2,"skipped":0,"pct":100},"statements":{"total":22,"covered":18,"skipped":0,"pct":81.81},"branches":{"total":10,"covered":9,"skipped":0,"pct":90}}
,"C:\\Users\\tecbu\\Desktop\\PROJECT\\Tecbunny\\tecbunnywebapp\\packages\\core\\src\\auth\\policy.ts": {"lines":{"total":30,"covered":0,"skipped":0,"pct":0},"functions":{"total":1,"covered":0,"skipped":0,"pct":0},"statements":{"total":48,"covered":0,"skipped":0,"pct":0},"branches":{"total":77,"covered":0,"skipped":0,"pct":0}}
,"C:\\Users\\tecbu\\Desktop\\PROJECT\\Tecbunny\\tecbunnywebapp\\packages\\core\\src\\db\\prisma.ts": {"lines":{"total":31,"covered":7,"skipped":0,"pct":22.58},"functions":{"total":1,"covered":0,"skipped":0,"pct":0},"statements":{"total":36,"covered":8,"skipped":0,"pct":22.22},"branches":{"total":22,"covered":6,"skipped":0,"pct":27.27}}
,"C:\\Users\\tecbu\\Desktop\\PROJECT\\Tecbunny\\tecbunnywebapp\\packages\\core\\src\\errors\\http.ts": {"lines":{"total":11,"covered":1,"skipped":0,"pct":9.09},"functions":{"total":2,"covered":0,"skipped":0,"pct":0},"statements":{"total":14,"covered":1,"skipped":0,"pct":7.14},"branches":{"total":11,"covered":0,"skipped":0,"pct":0}}
,"C:\\Users\\tecbu\\Desktop\\PROJECT\\Tecbunny\\tecbunnywebapp\\packages\\core\\src\\errors\\index.ts": {"lines":{"total":13,"covered":2,"skipped":0,"pct":15.38},"functions":{"total":8,"covered":5,"skipped":0,"pct":62.5},"statements":{"total":15,"covered":2,"skipped":0,"pct":13.33},"branches":{"total":5,"covered":0,"skipped":0,"pct":0}}
,"C:\\Users\\tecbu\\Desktop\\PROJECT\\Tecbunny\\tecbunnywebapp\\packages\\core\\src\\hooks\\use-analytics.ts": {"lines":{"total":43,"covered":3,"skipped":0,"pct":6.97},"functions":{"total":12,"covered":0,"skipped":0,"pct":0},"statements":{"total":47,"covered":3,"skipped":0,"pct":6.38},"branches":{"total":30,"covered":0,"skipped":0,"pct":0}}
,"C:\\Users\\tecbu\\Desktop\\PROJECT\\Tecbunny\\tecbunnywebapp\\packages\\core\\src\\hooks\\use-customer-workspace.ts": {"lines":{"total":46,"covered":1,"skipped":0,"pct":2.17},"functions":{"total":9,"covered":0,"skipped":0,"pct":0},"statements":{"total":54,"covered":1,"skipped":0,"pct":1.85},"branches":{"total":62,"covered":0,"skipped":0,"pct":0}}
,"C:\\Users\\tecbu\\Desktop\\PROJECT\\Tecbunny\\tecbunnywebapp\\packages\\core\\src\\leads\\notify-sales.ts": {"lines":{"total":35,"covered":0,"skipped":0,"pct":0},"functions":{"total":7,"covered":0,"skipped":0,"pct":0},"statements":{"total":36,"covered":0,"skipped":0,"pct":0},"branches":{"total":82,"covered":0,"skipped":0,"pct":0}}
,"C:\\Users\\tecbu\\Desktop\\PROJECT\\Tecbunny\\tecbunnywebapp\\packages\\core\\src\\schemas\\order.schema.ts": {"lines":{"total":3,"covered":2,"skipped":0,"pct":66.66},"functions":{"total":1,"covered":0,"skipped":0,"pct":0},"statements":{"total":3,"covered":2,"skipped":0,"pct":66.66},"branches":{"total":2,"covered":0,"skipped":0,"pct":0}}
,"C:\\Users\\tecbu\\Desktop\\PROJECT\\Tecbunny\\tecbunnywebapp\\packages\\core\\src\\services\\admin-finance.service.ts": {"lines":{"total":19,"covered":0,"skipped":0,"pct":0},"functions":{"total":4,"covered":4,"skipped":0,"pct":100},"statements":{"total":21,"covered":0,"skipped":0,"pct":0},"branches":{"total":16,"covered":0,"skipped":0,"pct":0}}
,"C:\\Users\\tecbu\\Desktop\\PROJECT\\Tecbunny\\tecbunnywebapp\\packages\\core\\src\\services\\api-platform.service.ts": {"lines":{"total":67,"covered":7,"skipped":0,"pct":10.44},"functions":{"total":11,"covered":10,"skipped":0,"pct":90.9},"statements":{"total":68,"covered":7,"skipped":0,"pct":10.29},"branches":{"total":47,"covered":6,"skipped":0,"pct":12.76}}
,"C:\\Users\\tecbu\\Desktop\\PROJECT\\Tecbunny\\tecbunnywebapp\\packages\\core\\src\\services\\bi-analytics.service.ts": {"lines":{"total":11,"covered":0,"skipped":0,"pct":0},"functions":{"total":3,"covered":3,"skipped":0,"pct":100},"statements":{"total":11,"covered":0,"skipped":0,"pct":0},"branches":{"total":4,"covered":0,"skipped":0,"pct":0}}
,"C:\\Users\\tecbu\\Desktop\\PROJECT\\Tecbunny\\tecbunnywebapp\\packages\\core\\src\\services\\communication-center.service.ts": {"lines":{"total":26,"covered":0,"skipped":0,"pct":0},"functions":{"total":4,"covered":4,"skipped":0,"pct":100},"statements":{"total":26,"covered":0,"skipped":0,"pct":0},"branches":{"total":12,"covered":0,"skipped":0,"pct":0}}
,"C:\\Users\\tecbu\\Desktop\\PROJECT\\Tecbunny\\tecbunnywebapp\\packages\\core\\src\\services\\crm-module.service.ts": {"lines":{"total":26,"covered":0,"skipped":0,"pct":0},"functions":{"total":5,"covered":5,"skipped":0,"pct":100},"statements":{"total":28,"covered":0,"skipped":0,"pct":0},"branches":{"total":36,"covered":0,"skipped":0,"pct":0}}
,"C:\\Users\\tecbu\\Desktop\\PROJECT\\Tecbunny\\tecbunnywebapp\\packages\\core\\src\\services\\customer-portal.service.ts": {"lines":{"total":24,"covered":0,"skipped":0,"pct":0},"functions":{"total":4,"covered":4,"skipped":0,"pct":100},"statements":{"total":24,"covered":0,"skipped":0,"pct":0},"branches":{"total":17,"covered":0,"skipped":0,"pct":0}}
,"C:\\Users\\tecbu\\Desktop\\PROJECT\\Tecbunny\\tecbunnywebapp\\packages\\core\\src\\services\\foundation.service.ts": {"lines":{"total":10,"covered":0,"skipped":0,"pct":0},"functions":{"total":5,"covered":4,"skipped":0,"pct":80},"statements":{"total":11,"covered":0,"skipped":0,"pct":0},"branches":{"total":16,"covered":0,"skipped":0,"pct":0}}
,"C:\\Users\\tecbu\\Desktop\\PROJECT\\Tecbunny\\tecbunnywebapp\\packages\\core\\src\\services\\fsm.service.ts": {"lines":{"total":32,"covered":0,"skipped":0,"pct":0},"functions":{"total":5,"covered":5,"skipped":0,"pct":100},"statements":{"total":32,"covered":0,"skipped":0,"pct":0},"branches":{"total":15,"covered":0,"skipped":0,"pct":0}}
,"C:\\Users\\tecbu\\Desktop\\PROJECT\\Tecbunny\\tecbunnywebapp\\packages\\core\\src\\services\\inventory-warehouse.service.ts": {"lines":{"total":14,"covered":0,"skipped":0,"pct":0},"functions":{"total":4,"covered":4,"skipped":0,"pct":100},"statements":{"total":14,"covered":0,"skipped":0,"pct":0},"branches":{"total":10,"covered":0,"skipped":0,"pct":0}}
,"C:\\Users\\tecbu\\Desktop\\PROJECT\\Tecbunny\\tecbunnywebapp\\packages\\core\\src\\services\\lead-engine.service.ts": {"lines":{"total":133,"covered":67,"skipped":0,"pct":50.37},"functions":{"total":12,"covered":10,"skipped":0,"pct":83.33},"statements":{"total":154,"covered":74,"skipped":0,"pct":48.05},"branches":{"total":236,"covered":124,"skipped":0,"pct":52.54}}
,"C:\\Users\\tecbu\\Desktop\\PROJECT\\Tecbunny\\tecbunnywebapp\\packages\\core\\src\\services\\lead-monitoring.service.ts": {"lines":{"total":148,"covered":143,"skipped":0,"pct":96.62},"functions":{"total":32,"covered":32,"skipped":0,"pct":100},"statements":{"total":167,"covered":158,"skipped":0,"pct":94.61},"branches":{"total":130,"covered":111,"skipped":0,"pct":85.38}}
,"C:\\Users\\tecbu\\Desktop\\PROJECT\\Tecbunny\\tecbunnywebapp\\packages\\core\\src\\services\\marketplace.service.ts": {"lines":{"total":41,"covered":1,"skipped":0,"pct":2.43},"functions":{"total":3,"covered":0,"skipped":0,"pct":0},"statements":{"total":47,"covered":1,"skipped":0,"pct":2.12},"branches":{"total":37,"covered":0,"skipped":0,"pct":0}}
,"C:\\Users\\tecbu\\Desktop\\PROJECT\\Tecbunny\\tecbunnywebapp\\packages\\core\\src\\services\\order-project.service.ts": {"lines":{"total":23,"covered":0,"skipped":0,"pct":0},"functions":{"total":4,"covered":4,"skipped":0,"pct":100},"statements":{"total":23,"covered":0,"skipped":0,"pct":0},"branches":{"total":12,"covered":0,"skipped":0,"pct":0}}
,"C:\\Users\\tecbu\\Desktop\\PROJECT\\Tecbunny\\tecbunnywebapp\\packages\\core\\src\\services\\outbound-event.service.ts": {"lines":{"total":86,"covered":0,"skipped":0,"pct":0},"functions":{"total":12,"covered":10,"skipped":0,"pct":83.33},"statements":{"total":94,"covered":0,"skipped":0,"pct":0},"branches":{"total":113,"covered":0,"skipped":0,"pct":0}}
,"C:\\Users\\tecbu\\Desktop\\PROJECT\\Tecbunny\\tecbunnywebapp\\packages\\core\\src\\services\\qa-deployment.service.ts": {"lines":{"total":86,"covered":18,"skipped":0,"pct":20.93},"functions":{"total":16,"covered":12,"skipped":0,"pct":75},"statements":{"total":89,"covered":18,"skipped":0,"pct":20.22},"branches":{"total":82,"covered":14,"skipped":0,"pct":17.07}}
,"C:\\Users\\tecbu\\Desktop\\PROJECT\\Tecbunny\\tecbunnywebapp\\packages\\core\\src\\services\\quotation-sales.service.ts": {"lines":{"total":45,"covered":0,"skipped":0,"pct":0},"functions":{"total":5,"covered":5,"skipped":0,"pct":100},"statements":{"total":47,"covered":0,"skipped":0,"pct":0},"branches":{"total":16,"covered":0,"skipped":0,"pct":0}}
,"C:\\Users\\tecbu\\Desktop\\PROJECT\\Tecbunny\\tecbunnywebapp\\packages\\core\\src\\services\\security-audit.service.ts": {"lines":{"total":23,"covered":0,"skipped":0,"pct":0},"functions":{"total":4,"covered":4,"skipped":0,"pct":100},"statements":{"total":23,"covered":0,"skipped":0,"pct":0},"branches":{"total":16,"covered":0,"skipped":0,"pct":0}}
,"C:\\Users\\tecbu\\Desktop\\PROJECT\\Tecbunny\\tecbunnywebapp\\packages\\core\\src\\services\\superadmin-config.service.ts": {"lines":{"total":22,"covered":0,"skipped":0,"pct":0},"functions":{"total":4,"covered":4,"skipped":0,"pct":100},"statements":{"total":22,"covered":0,"skipped":0,"pct":0},"branches":{"total":16,"covered":0,"skipped":0,"pct":0}}
,"C:\\Users\\tecbu\\Desktop\\PROJECT\\Tecbunny\\tecbunnywebapp\\packages\\core\\src\\services\\workflow-automation.service.ts": {"lines":{"total":21,"covered":0,"skipped":0,"pct":0},"functions":{"total":3,"covered":3,"skipped":0,"pct":100},"statements":{"total":21,"covered":0,"skipped":0,"pct":0},"branches":{"total":8,"covered":0,"skipped":0,"pct":0}}
,"C:\\Users\\tecbu\\Desktop\\PROJECT\\Tecbunny\\tecbunnywebapp\\packages\\core\\src\\store\\globalDrawerStore.ts": {"lines":{"total":3,"covered":1,"skipped":0,"pct":33.33},"functions":{"total":3,"covered":1,"skipped":0,"pct":33.33},"statements":{"total":4,"covered":2,"skipped":0,"pct":50},"branches":{"total":1,"covered":0,"skipped":0,"pct":0}}
,"C:\\Users\\tecbu\\Desktop\\PROJECT\\Tecbunny\\tecbunnywebapp\\packages\\core\\src\\types\\lead.ts": {"lines":{"total":29,"covered":29,"skipped":0,"pct":100},"functions":{"total":4,"covered":4,"skipped":0,"pct":100},"statements":{"total":30,"covered":29,"skipped":0,"pct":96.66},"branches":{"total":6,"covered":4,"skipped":0,"pct":66.66}}
,"C:\\Users\\tecbu\\Desktop\\PROJECT\\Tecbunny\\tecbunnywebapp\\packages\\core\\src\\validation\\checkout.ts": {"lines":{"total":2,"covered":1,"skipped":0,"pct":50},"functions":{"total":1,"covered":0,"skipped":0,"pct":0},"statements":{"total":2,"covered":1,"skipped":0,"pct":50},"branches":{"total":0,"covered":0,"skipped":0,"pct":100}}
,"C:\\Users\\tecbu\\Desktop\\PROJECT\\Tecbunny\\tecbunnywebapp\\packages\\core\\src\\validation\\index.ts": {"lines":{"total":5,"covered":0,"skipped":0,"pct":0},"functions":{"total":1,"covered":0,"skipped":0,"pct":0},"statements":{"total":5,"covered":0,"skipped":0,"pct":0},"branches":{"total":2,"covered":0,"skipped":0,"pct":0}}
,"C:\\Users\\tecbu\\Desktop\\PROJECT\\Tecbunny\\tecbunnywebapp\\packages\\core\\src\\validation\\user.ts": {"lines":{"total":4,"covered":4,"skipped":0,"pct":100},"functions":{"total":0,"covered":0,"skipped":0,"pct":100},"statements":{"total":4,"covered":4,"skipped":0,"pct":100},"branches":{"total":0,"covered":0,"skipped":0,"pct":100}}
}
