{"total": {"lines":{"total":94,"covered":65,"skipped":0,"pct":69.14},"statements":{"total":96,"covered":66,"skipped":0,"pct":68.75},"functions":{"total":6,"covered":6,"skipped":0,"pct":100},"branches":{"total":79,"covered":41,"skipped":0,"pct":51.89},"branchesTrue":{"total":0,"covered":0,"skipped":0,"pct":"Unknown"}}
,"C:\\Users\\tecbu\\Desktop\\PROJECT\\Tecbunny\\tecbunnywebapp\\apps\\waba\\src\\app\\api\\webhook\\whatsapp\\route.ts": {"lines":{"total":94,"covered":65,"skipped":0,"pct":69.14},"functions":{"total":6,"covered":6,"skipped":0,"pct":100},"statements":{"total":96,"covered":66,"skipped":0,"pct":68.75},"branches":{"total":79,"covered":41,"skipped":0,"pct":51.89}}
}
